CRITICAL - 2024-05-09 01:04:30 --> ErrorException: Undefined property: CodeIgniter\View\View::$load
[Method: GET, Route: /]
in APPPATH\Views\home.php on line 1.
 1 APPPATH\Views\home.php(1): CodeIgniter\Debug\Exceptions->errorHandler(2, 'Undefined property: CodeIgniter\\View\\View::$load', 'C:\\xampp\\htdocs\\PA-FHO-2024\\app\\Views\\home.php', 1)
 2 SYSTEMPATH\View\View.php(234): include('C:\\xampp\\htdocs\\PA-FHO-2024\\app\\Views\\home.php')
 3 SYSTEMPATH\View\View.php(237): CodeIgniter\View\View->CodeIgniter\View\{closure}()
 4 SYSTEMPATH\Common.php(1171): CodeIgniter\View\View->render('home', [], true)
 5 APPPATH\Controllers\Home.php(9): view('home')
 6 SYSTEMPATH\CodeIgniter.php(933): App\Controllers\Home->index()
 7 SYSTEMPATH\CodeIgniter.php(509): CodeIgniter\CodeIgniter->runController(Object(App\Controllers\Home))
 8 SYSTEMPATH\CodeIgniter.php(355): CodeIgniter\CodeIgniter->handleRequest(null, Object(Config\Cache), false)
 9 SYSTEMPATH\Boot.php(312): CodeIgniter\CodeIgniter->run()
10 SYSTEMPATH\Boot.php(67): CodeIgniter\Boot::runCodeIgniter(Object(CodeIgniter\CodeIgniter))
11 FCPATH\index.php(56): CodeIgniter\Boot::bootWeb(Object(Config\Paths))
CRITICAL - 2024-05-09 01:04:38 --> ErrorException: Undefined property: CodeIgniter\View\View::$load
[Method: GET, Route: /]
in APPPATH\Views\home.php on line 1.
 1 APPPATH\Views\home.php(1): CodeIgniter\Debug\Exceptions->errorHandler(2, 'Undefined property: CodeIgniter\\View\\View::$load', 'C:\\xampp\\htdocs\\PA-FHO-2024\\app\\Views\\home.php', 1)
 2 SYSTEMPATH\View\View.php(234): include('C:\\xampp\\htdocs\\PA-FHO-2024\\app\\Views\\home.php')
 3 SYSTEMPATH\View\View.php(237): CodeIgniter\View\View->CodeIgniter\View\{closure}()
 4 SYSTEMPATH\Common.php(1171): CodeIgniter\View\View->render('home', [], true)
 5 APPPATH\Controllers\Home.php(9): view('home')
 6 SYSTEMPATH\CodeIgniter.php(933): App\Controllers\Home->index()
 7 SYSTEMPATH\CodeIgniter.php(509): CodeIgniter\CodeIgniter->runController(Object(App\Controllers\Home))
 8 SYSTEMPATH\CodeIgniter.php(355): CodeIgniter\CodeIgniter->handleRequest(null, Object(Config\Cache), false)
 9 SYSTEMPATH\Boot.php(312): CodeIgniter\CodeIgniter->run()
10 SYSTEMPATH\Boot.php(67): CodeIgniter\Boot::runCodeIgniter(Object(CodeIgniter\CodeIgniter))
11 FCPATH\index.php(56): CodeIgniter\Boot::bootWeb(Object(Config\Paths))
CRITICAL - 2024-05-09 01:05:03 --> ErrorException: Undefined property: CodeIgniter\View\View::$load
[Method: GET, Route: /]
in APPPATH\Views\home.php on line 1.
 1 APPPATH\Views\home.php(1): CodeIgniter\Debug\Exceptions->errorHandler(2, 'Undefined property: CodeIgniter\\View\\View::$load', 'C:\\xampp\\htdocs\\PA-FHO-2024\\app\\Views\\home.php', 1)
 2 SYSTEMPATH\View\View.php(234): include('C:\\xampp\\htdocs\\PA-FHO-2024\\app\\Views\\home.php')
 3 SYSTEMPATH\View\View.php(237): CodeIgniter\View\View->CodeIgniter\View\{closure}()
 4 SYSTEMPATH\Common.php(1171): CodeIgniter\View\View->render('home', [], true)
 5 APPPATH\Controllers\Home.php(9): view('home')
 6 SYSTEMPATH\CodeIgniter.php(933): App\Controllers\Home->index()
 7 SYSTEMPATH\CodeIgniter.php(509): CodeIgniter\CodeIgniter->runController(Object(App\Controllers\Home))
 8 SYSTEMPATH\CodeIgniter.php(355): CodeIgniter\CodeIgniter->handleRequest(null, Object(Config\Cache), false)
 9 SYSTEMPATH\Boot.php(312): CodeIgniter\CodeIgniter->run()
10 SYSTEMPATH\Boot.php(67): CodeIgniter\Boot::runCodeIgniter(Object(CodeIgniter\CodeIgniter))
11 FCPATH\index.php(56): CodeIgniter\Boot::bootWeb(Object(Config\Paths))
CRITICAL - 2024-05-09 01:05:06 --> ErrorException: Undefined property: CodeIgniter\View\View::$load
[Method: GET, Route: /]
in APPPATH\Views\home.php on line 1.
 1 APPPATH\Views\home.php(1): CodeIgniter\Debug\Exceptions->errorHandler(2, 'Undefined property: CodeIgniter\\View\\View::$load', 'C:\\xampp\\htdocs\\PA-FHO-2024\\app\\Views\\home.php', 1)
 2 SYSTEMPATH\View\View.php(234): include('C:\\xampp\\htdocs\\PA-FHO-2024\\app\\Views\\home.php')
 3 SYSTEMPATH\View\View.php(237): CodeIgniter\View\View->CodeIgniter\View\{closure}()
 4 SYSTEMPATH\Common.php(1171): CodeIgniter\View\View->render('home', [], true)
 5 APPPATH\Controllers\Home.php(9): view('home')
 6 SYSTEMPATH\CodeIgniter.php(933): App\Controllers\Home->index()
 7 SYSTEMPATH\CodeIgniter.php(509): CodeIgniter\CodeIgniter->runController(Object(App\Controllers\Home))
 8 SYSTEMPATH\CodeIgniter.php(355): CodeIgniter\CodeIgniter->handleRequest(null, Object(Config\Cache), false)
 9 SYSTEMPATH\Boot.php(312): CodeIgniter\CodeIgniter->run()
10 SYSTEMPATH\Boot.php(67): CodeIgniter\Boot::runCodeIgniter(Object(CodeIgniter\CodeIgniter))
11 FCPATH\index.php(56): CodeIgniter\Boot::bootWeb(Object(Config\Paths))
CRITICAL - 2024-05-09 01:06:34 --> ErrorException: Undefined property: CodeIgniter\View\View::$load
[Method: GET, Route: /]
in APPPATH\Views\home.php on line 1.
 1 APPPATH\Views\home.php(1): CodeIgniter\Debug\Exceptions->errorHandler(2, 'Undefined property: CodeIgniter\\View\\View::$load', 'C:\\xampp\\htdocs\\PA-FHO-2024\\app\\Views\\home.php', 1)
 2 SYSTEMPATH\View\View.php(234): include('C:\\xampp\\htdocs\\PA-FHO-2024\\app\\Views\\home.php')
 3 SYSTEMPATH\View\View.php(237): CodeIgniter\View\View->CodeIgniter\View\{closure}()
 4 SYSTEMPATH\Common.php(1171): CodeIgniter\View\View->render('home', [], true)
 5 APPPATH\Controllers\Home.php(9): view('home')
 6 SYSTEMPATH\CodeIgniter.php(933): App\Controllers\Home->index()
 7 SYSTEMPATH\CodeIgniter.php(509): CodeIgniter\CodeIgniter->runController(Object(App\Controllers\Home))
 8 SYSTEMPATH\CodeIgniter.php(355): CodeIgniter\CodeIgniter->handleRequest(null, Object(Config\Cache), false)
 9 SYSTEMPATH\Boot.php(312): CodeIgniter\CodeIgniter->run()
10 SYSTEMPATH\Boot.php(67): CodeIgniter\Boot::runCodeIgniter(Object(CodeIgniter\CodeIgniter))
11 FCPATH\index.php(56): CodeIgniter\Boot::bootWeb(Object(Config\Paths))
CRITICAL - 2024-05-09 01:07:03 --> ErrorException: Undefined property: CodeIgniter\View\View::$load
[Method: GET, Route: /]
in APPPATH\Views\home.php on line 1.
 1 APPPATH\Views\home.php(1): CodeIgniter\Debug\Exceptions->errorHandler(2, 'Undefined property: CodeIgniter\\View\\View::$load', 'C:\\xampp\\htdocs\\PA-FHO-2024\\app\\Views\\home.php', 1)
 2 SYSTEMPATH\View\View.php(234): include('C:\\xampp\\htdocs\\PA-FHO-2024\\app\\Views\\home.php')
 3 SYSTEMPATH\View\View.php(237): CodeIgniter\View\View->CodeIgniter\View\{closure}()
 4 SYSTEMPATH\Common.php(1171): CodeIgniter\View\View->render('home', [], true)
 5 APPPATH\Controllers\Home.php(9): view('home')
 6 SYSTEMPATH\CodeIgniter.php(933): App\Controllers\Home->index()
 7 SYSTEMPATH\CodeIgniter.php(509): CodeIgniter\CodeIgniter->runController(Object(App\Controllers\Home))
 8 SYSTEMPATH\CodeIgniter.php(355): CodeIgniter\CodeIgniter->handleRequest(null, Object(Config\Cache), false)
 9 SYSTEMPATH\Boot.php(312): CodeIgniter\CodeIgniter->run()
10 SYSTEMPATH\Boot.php(67): CodeIgniter\Boot::runCodeIgniter(Object(CodeIgniter\CodeIgniter))
11 FCPATH\index.php(56): CodeIgniter\Boot::bootWeb(Object(Config\Paths))
CRITICAL - 2024-05-09 01:08:10 --> ErrorException: Undefined property: CodeIgniter\View\View::$load
[Method: GET, Route: /]
in APPPATH\Views\home.php on line 1.
 1 APPPATH\Views\home.php(1): CodeIgniter\Debug\Exceptions->errorHandler(2, 'Undefined property: CodeIgniter\\View\\View::$load', 'C:\\xampp\\htdocs\\PA-FHO-2024\\app\\Views\\home.php', 1)
 2 SYSTEMPATH\View\View.php(234): include('C:\\xampp\\htdocs\\PA-FHO-2024\\app\\Views\\home.php')
 3 SYSTEMPATH\View\View.php(237): CodeIgniter\View\View->CodeIgniter\View\{closure}()
 4 SYSTEMPATH\Common.php(1171): CodeIgniter\View\View->render('home', [], true)
 5 APPPATH\Controllers\Home.php(9): view('home')
 6 SYSTEMPATH\CodeIgniter.php(933): App\Controllers\Home->index()
 7 SYSTEMPATH\CodeIgniter.php(509): CodeIgniter\CodeIgniter->runController(Object(App\Controllers\Home))
 8 SYSTEMPATH\CodeIgniter.php(355): CodeIgniter\CodeIgniter->handleRequest(null, Object(Config\Cache), false)
 9 SYSTEMPATH\Boot.php(312): CodeIgniter\CodeIgniter->run()
10 SYSTEMPATH\Boot.php(67): CodeIgniter\Boot::runCodeIgniter(Object(CodeIgniter\CodeIgniter))
11 FCPATH\index.php(56): CodeIgniter\Boot::bootWeb(Object(Config\Paths))
CRITICAL - 2024-05-09 01:08:16 --> ErrorException: Undefined property: CodeIgniter\View\View::$load
[Method: GET, Route: /]
in APPPATH\Views\home.php on line 1.
 1 APPPATH\Views\home.php(1): CodeIgniter\Debug\Exceptions->errorHandler(2, 'Undefined property: CodeIgniter\\View\\View::$load', 'C:\\xampp\\htdocs\\PA-FHO-2024\\app\\Views\\home.php', 1)
 2 SYSTEMPATH\View\View.php(234): include('C:\\xampp\\htdocs\\PA-FHO-2024\\app\\Views\\home.php')
 3 SYSTEMPATH\View\View.php(237): CodeIgniter\View\View->CodeIgniter\View\{closure}()
 4 SYSTEMPATH\Common.php(1171): CodeIgniter\View\View->render('home', [], true)
 5 APPPATH\Controllers\Home.php(9): view('home')
 6 SYSTEMPATH\CodeIgniter.php(933): App\Controllers\Home->index()
 7 SYSTEMPATH\CodeIgniter.php(509): CodeIgniter\CodeIgniter->runController(Object(App\Controllers\Home))
 8 SYSTEMPATH\CodeIgniter.php(355): CodeIgniter\CodeIgniter->handleRequest(null, Object(Config\Cache), false)
 9 SYSTEMPATH\Boot.php(312): CodeIgniter\CodeIgniter->run()
10 SYSTEMPATH\Boot.php(67): CodeIgniter\Boot::runCodeIgniter(Object(CodeIgniter\CodeIgniter))
11 FCPATH\index.php(56): CodeIgniter\Boot::bootWeb(Object(Config\Paths))
CRITICAL - 2024-05-09 01:08:31 --> ErrorException: Undefined property: CodeIgniter\View\View::$load
[Method: GET, Route: /]
in APPPATH\Views\home.php on line 1.
 1 APPPATH\Views\home.php(1): CodeIgniter\Debug\Exceptions->errorHandler(2, 'Undefined property: CodeIgniter\\View\\View::$load', 'C:\\xampp\\htdocs\\PA-FHO-2024\\app\\Views\\home.php', 1)
 2 SYSTEMPATH\View\View.php(234): include('C:\\xampp\\htdocs\\PA-FHO-2024\\app\\Views\\home.php')
 3 SYSTEMPATH\View\View.php(237): CodeIgniter\View\View->CodeIgniter\View\{closure}()
 4 SYSTEMPATH\Common.php(1171): CodeIgniter\View\View->render('home', [], true)
 5 APPPATH\Controllers\Home.php(9): view('home')
 6 SYSTEMPATH\CodeIgniter.php(933): App\Controllers\Home->index()
 7 SYSTEMPATH\CodeIgniter.php(509): CodeIgniter\CodeIgniter->runController(Object(App\Controllers\Home))
 8 SYSTEMPATH\CodeIgniter.php(355): CodeIgniter\CodeIgniter->handleRequest(null, Object(Config\Cache), false)
 9 SYSTEMPATH\Boot.php(312): CodeIgniter\CodeIgniter->run()
10 SYSTEMPATH\Boot.php(67): CodeIgniter\Boot::runCodeIgniter(Object(CodeIgniter\CodeIgniter))
11 FCPATH\index.php(56): CodeIgniter\Boot::bootWeb(Object(Config\Paths))
CRITICAL - 2024-05-09 01:09:28 --> ErrorException: Undefined property: CodeIgniter\View\View::$load
[Method: GET, Route: /]
in APPPATH\Views\home.php on line 1.
 1 APPPATH\Views\home.php(1): CodeIgniter\Debug\Exceptions->errorHandler(2, 'Undefined property: CodeIgniter\\View\\View::$load', 'C:\\xampp\\htdocs\\PA-FHO-2024\\app\\Views\\home.php', 1)
 2 SYSTEMPATH\View\View.php(234): include('C:\\xampp\\htdocs\\PA-FHO-2024\\app\\Views\\home.php')
 3 SYSTEMPATH\View\View.php(237): CodeIgniter\View\View->CodeIgniter\View\{closure}()
 4 SYSTEMPATH\Common.php(1171): CodeIgniter\View\View->render('home', [], true)
 5 APPPATH\Controllers\Home.php(9): view('home')
 6 SYSTEMPATH\CodeIgniter.php(933): App\Controllers\Home->index()
 7 SYSTEMPATH\CodeIgniter.php(509): CodeIgniter\CodeIgniter->runController(Object(App\Controllers\Home))
 8 SYSTEMPATH\CodeIgniter.php(355): CodeIgniter\CodeIgniter->handleRequest(null, Object(Config\Cache), false)
 9 SYSTEMPATH\Boot.php(312): CodeIgniter\CodeIgniter->run()
10 SYSTEMPATH\Boot.php(67): CodeIgniter\Boot::runCodeIgniter(Object(CodeIgniter\CodeIgniter))
11 FCPATH\index.php(56): CodeIgniter\Boot::bootWeb(Object(Config\Paths))
CRITICAL - 2024-05-09 01:09:42 --> ErrorException: Undefined property: CodeIgniter\View\View::$load
[Method: GET, Route: /]
in APPPATH\Views\home.php on line 1.
 1 APPPATH\Views\home.php(1): CodeIgniter\Debug\Exceptions->errorHandler(2, 'Undefined property: CodeIgniter\\View\\View::$load', 'C:\\xampp\\htdocs\\PA-FHO-2024\\app\\Views\\home.php', 1)
 2 SYSTEMPATH\View\View.php(234): include('C:\\xampp\\htdocs\\PA-FHO-2024\\app\\Views\\home.php')
 3 SYSTEMPATH\View\View.php(237): CodeIgniter\View\View->CodeIgniter\View\{closure}()
 4 SYSTEMPATH\Common.php(1171): CodeIgniter\View\View->render('home', [], true)
 5 APPPATH\Controllers\Home.php(9): view('home')
 6 SYSTEMPATH\CodeIgniter.php(933): App\Controllers\Home->index()
 7 SYSTEMPATH\CodeIgniter.php(509): CodeIgniter\CodeIgniter->runController(Object(App\Controllers\Home))
 8 SYSTEMPATH\CodeIgniter.php(355): CodeIgniter\CodeIgniter->handleRequest(null, Object(Config\Cache), false)
 9 SYSTEMPATH\Boot.php(312): CodeIgniter\CodeIgniter->run()
10 SYSTEMPATH\Boot.php(67): CodeIgniter\Boot::runCodeIgniter(Object(CodeIgniter\CodeIgniter))
11 FCPATH\index.php(56): CodeIgniter\Boot::bootWeb(Object(Config\Paths))
CRITICAL - 2024-05-09 01:13:35 --> ErrorException: Undefined property: CodeIgniter\View\View::$load
[Method: GET, Route: /]
in APPPATH\Views\home.php on line 1.
 1 APPPATH\Views\home.php(1): CodeIgniter\Debug\Exceptions->errorHandler(2, 'Undefined property: CodeIgniter\\View\\View::$load', 'C:\\xampp\\htdocs\\PA-FHO-2024\\app\\Views\\home.php', 1)
 2 SYSTEMPATH\View\View.php(234): include('C:\\xampp\\htdocs\\PA-FHO-2024\\app\\Views\\home.php')
 3 SYSTEMPATH\View\View.php(237): CodeIgniter\View\View->CodeIgniter\View\{closure}()
 4 SYSTEMPATH\Common.php(1171): CodeIgniter\View\View->render('home', [], true)
 5 APPPATH\Controllers\Home.php(9): view('home')
 6 SYSTEMPATH\CodeIgniter.php(933): App\Controllers\Home->index()
 7 SYSTEMPATH\CodeIgniter.php(509): CodeIgniter\CodeIgniter->runController(Object(App\Controllers\Home))
 8 SYSTEMPATH\CodeIgniter.php(355): CodeIgniter\CodeIgniter->handleRequest(null, Object(Config\Cache), false)
 9 SYSTEMPATH\Boot.php(312): CodeIgniter\CodeIgniter->run()
10 SYSTEMPATH\Boot.php(67): CodeIgniter\Boot::runCodeIgniter(Object(CodeIgniter\CodeIgniter))
11 FCPATH\index.php(56): CodeIgniter\Boot::bootWeb(Object(Config\Paths))
CRITICAL - 2024-05-09 01:14:00 --> ErrorException: Undefined property: CodeIgniter\View\View::$load
[Method: GET, Route: /]
in APPPATH\Views\home.php on line 1.
 1 APPPATH\Views\home.php(1): CodeIgniter\Debug\Exceptions->errorHandler(2, 'Undefined property: CodeIgniter\\View\\View::$load', 'C:\\xampp\\htdocs\\PA-FHO-2024\\app\\Views\\home.php', 1)
 2 SYSTEMPATH\View\View.php(234): include('C:\\xampp\\htdocs\\PA-FHO-2024\\app\\Views\\home.php')
 3 SYSTEMPATH\View\View.php(237): CodeIgniter\View\View->CodeIgniter\View\{closure}()
 4 SYSTEMPATH\Common.php(1171): CodeIgniter\View\View->render('home', [], true)
 5 APPPATH\Controllers\Home.php(9): view('home')
 6 SYSTEMPATH\CodeIgniter.php(933): App\Controllers\Home->index()
 7 SYSTEMPATH\CodeIgniter.php(509): CodeIgniter\CodeIgniter->runController(Object(App\Controllers\Home))
 8 SYSTEMPATH\CodeIgniter.php(355): CodeIgniter\CodeIgniter->handleRequest(null, Object(Config\Cache), false)
 9 SYSTEMPATH\Boot.php(312): CodeIgniter\CodeIgniter->run()
10 SYSTEMPATH\Boot.php(67): CodeIgniter\Boot::runCodeIgniter(Object(CodeIgniter\CodeIgniter))
11 FCPATH\index.php(56): CodeIgniter\Boot::bootWeb(Object(Config\Paths))
CRITICAL - 2024-05-09 01:16:13 --> ErrorException: Undefined property: CodeIgniter\View\View::$load
[Method: GET, Route: /]
in APPPATH\Views\home.php on line 10.
 1 APPPATH\Views\home.php(10): CodeIgniter\Debug\Exceptions->errorHandler(2, 'Undefined property: CodeIgniter\\View\\View::$load', 'C:\\xampp\\htdocs\\PA-FHO-2024\\app\\Views\\home.php', 10)
 2 SYSTEMPATH\View\View.php(234): include('C:\\xampp\\htdocs\\PA-FHO-2024\\app\\Views\\home.php')
 3 SYSTEMPATH\View\View.php(237): CodeIgniter\View\View->CodeIgniter\View\{closure}()
 4 SYSTEMPATH\Common.php(1171): CodeIgniter\View\View->render('home', [], true)
 5 APPPATH\Controllers\Home.php(9): view('home')
 6 SYSTEMPATH\CodeIgniter.php(933): App\Controllers\Home->index()
 7 SYSTEMPATH\CodeIgniter.php(509): CodeIgniter\CodeIgniter->runController(Object(App\Controllers\Home))
 8 SYSTEMPATH\CodeIgniter.php(355): CodeIgniter\CodeIgniter->handleRequest(null, Object(Config\Cache), false)
 9 SYSTEMPATH\Boot.php(312): CodeIgniter\CodeIgniter->run()
10 SYSTEMPATH\Boot.php(67): CodeIgniter\Boot::runCodeIgniter(Object(CodeIgniter\CodeIgniter))
11 FCPATH\index.php(56): CodeIgniter\Boot::bootWeb(Object(Config\Paths))
CRITICAL - 2024-05-09 01:16:14 --> ErrorException: Undefined property: CodeIgniter\View\View::$load
[Method: GET, Route: /]
in APPPATH\Views\home.php on line 10.
 1 APPPATH\Views\home.php(10): CodeIgniter\Debug\Exceptions->errorHandler(2, 'Undefined property: CodeIgniter\\View\\View::$load', 'C:\\xampp\\htdocs\\PA-FHO-2024\\app\\Views\\home.php', 10)
 2 SYSTEMPATH\View\View.php(234): include('C:\\xampp\\htdocs\\PA-FHO-2024\\app\\Views\\home.php')
 3 SYSTEMPATH\View\View.php(237): CodeIgniter\View\View->CodeIgniter\View\{closure}()
 4 SYSTEMPATH\Common.php(1171): CodeIgniter\View\View->render('home', [], true)
 5 APPPATH\Controllers\Home.php(9): view('home')
 6 SYSTEMPATH\CodeIgniter.php(933): App\Controllers\Home->index()
 7 SYSTEMPATH\CodeIgniter.php(509): CodeIgniter\CodeIgniter->runController(Object(App\Controllers\Home))
 8 SYSTEMPATH\CodeIgniter.php(355): CodeIgniter\CodeIgniter->handleRequest(null, Object(Config\Cache), false)
 9 SYSTEMPATH\Boot.php(312): CodeIgniter\CodeIgniter->run()
10 SYSTEMPATH\Boot.php(67): CodeIgniter\Boot::runCodeIgniter(Object(CodeIgniter\CodeIgniter))
11 FCPATH\index.php(56): CodeIgniter\Boot::bootWeb(Object(Config\Paths))
CRITICAL - 2024-05-09 01:16:27 --> ErrorException: Undefined property: CodeIgniter\View\View::$load
[Method: GET, Route: /]
in APPPATH\Views\home.php on line 1.
 1 APPPATH\Views\home.php(1): CodeIgniter\Debug\Exceptions->errorHandler(2, 'Undefined property: CodeIgniter\\View\\View::$load', 'C:\\xampp\\htdocs\\PA-FHO-2024\\app\\Views\\home.php', 1)
 2 SYSTEMPATH\View\View.php(234): include('C:\\xampp\\htdocs\\PA-FHO-2024\\app\\Views\\home.php')
 3 SYSTEMPATH\View\View.php(237): CodeIgniter\View\View->CodeIgniter\View\{closure}()
 4 SYSTEMPATH\Common.php(1171): CodeIgniter\View\View->render('home', [], true)
 5 APPPATH\Controllers\Home.php(9): view('home')
 6 SYSTEMPATH\CodeIgniter.php(933): App\Controllers\Home->index()
 7 SYSTEMPATH\CodeIgniter.php(509): CodeIgniter\CodeIgniter->runController(Object(App\Controllers\Home))
 8 SYSTEMPATH\CodeIgniter.php(355): CodeIgniter\CodeIgniter->handleRequest(null, Object(Config\Cache), false)
 9 SYSTEMPATH\Boot.php(312): CodeIgniter\CodeIgniter->run()
10 SYSTEMPATH\Boot.php(67): CodeIgniter\Boot::runCodeIgniter(Object(CodeIgniter\CodeIgniter))
11 FCPATH\index.php(56): CodeIgniter\Boot::bootWeb(Object(Config\Paths))
CRITICAL - 2024-05-09 01:16:28 --> ErrorException: Undefined property: CodeIgniter\View\View::$load
[Method: GET, Route: /]
in APPPATH\Views\home.php on line 1.
 1 APPPATH\Views\home.php(1): CodeIgniter\Debug\Exceptions->errorHandler(2, 'Undefined property: CodeIgniter\\View\\View::$load', 'C:\\xampp\\htdocs\\PA-FHO-2024\\app\\Views\\home.php', 1)
 2 SYSTEMPATH\View\View.php(234): include('C:\\xampp\\htdocs\\PA-FHO-2024\\app\\Views\\home.php')
 3 SYSTEMPATH\View\View.php(237): CodeIgniter\View\View->CodeIgniter\View\{closure}()
 4 SYSTEMPATH\Common.php(1171): CodeIgniter\View\View->render('home', [], true)
 5 APPPATH\Controllers\Home.php(9): view('home')
 6 SYSTEMPATH\CodeIgniter.php(933): App\Controllers\Home->index()
 7 SYSTEMPATH\CodeIgniter.php(509): CodeIgniter\CodeIgniter->runController(Object(App\Controllers\Home))
 8 SYSTEMPATH\CodeIgniter.php(355): CodeIgniter\CodeIgniter->handleRequest(null, Object(Config\Cache), false)
 9 SYSTEMPATH\Boot.php(312): CodeIgniter\CodeIgniter->run()
10 SYSTEMPATH\Boot.php(67): CodeIgniter\Boot::runCodeIgniter(Object(CodeIgniter\CodeIgniter))
11 FCPATH\index.php(56): CodeIgniter\Boot::bootWeb(Object(Config\Paths))
CRITICAL - 2024-05-09 01:16:30 --> ErrorException: Undefined property: CodeIgniter\View\View::$load
[Method: GET, Route: /]
in APPPATH\Views\home.php on line 1.
 1 APPPATH\Views\home.php(1): CodeIgniter\Debug\Exceptions->errorHandler(2, 'Undefined property: CodeIgniter\\View\\View::$load', 'C:\\xampp\\htdocs\\PA-FHO-2024\\app\\Views\\home.php', 1)
 2 SYSTEMPATH\View\View.php(234): include('C:\\xampp\\htdocs\\PA-FHO-2024\\app\\Views\\home.php')
 3 SYSTEMPATH\View\View.php(237): CodeIgniter\View\View->CodeIgniter\View\{closure}()
 4 SYSTEMPATH\Common.php(1171): CodeIgniter\View\View->render('home', [], true)
 5 APPPATH\Controllers\Home.php(9): view('home')
 6 SYSTEMPATH\CodeIgniter.php(933): App\Controllers\Home->index()
 7 SYSTEMPATH\CodeIgniter.php(509): CodeIgniter\CodeIgniter->runController(Object(App\Controllers\Home))
 8 SYSTEMPATH\CodeIgniter.php(355): CodeIgniter\CodeIgniter->handleRequest(null, Object(Config\Cache), false)
 9 SYSTEMPATH\Boot.php(312): CodeIgniter\CodeIgniter->run()
10 SYSTEMPATH\Boot.php(67): CodeIgniter\Boot::runCodeIgniter(Object(CodeIgniter\CodeIgniter))
11 FCPATH\index.php(56): CodeIgniter\Boot::bootWeb(Object(Config\Paths))
CRITICAL - 2024-05-09 01:17:27 --> ErrorException: Undefined property: CodeIgniter\View\View::$load
[Method: GET, Route: /]
in APPPATH\Views\home.php on line 9.
 1 APPPATH\Views\home.php(9): CodeIgniter\Debug\Exceptions->errorHandler(2, 'Undefined property: CodeIgniter\\View\\View::$load', 'C:\\xampp\\htdocs\\PA-FHO-2024\\app\\Views\\home.php', 9)
 2 SYSTEMPATH\View\View.php(234): include('C:\\xampp\\htdocs\\PA-FHO-2024\\app\\Views\\home.php')
 3 SYSTEMPATH\View\View.php(237): CodeIgniter\View\View->CodeIgniter\View\{closure}()
 4 SYSTEMPATH\Common.php(1171): CodeIgniter\View\View->render('home', [], true)
 5 APPPATH\Controllers\Home.php(9): view('home')
 6 SYSTEMPATH\CodeIgniter.php(933): App\Controllers\Home->index()
 7 SYSTEMPATH\CodeIgniter.php(509): CodeIgniter\CodeIgniter->runController(Object(App\Controllers\Home))
 8 SYSTEMPATH\CodeIgniter.php(355): CodeIgniter\CodeIgniter->handleRequest(null, Object(Config\Cache), false)
 9 SYSTEMPATH\Boot.php(312): CodeIgniter\CodeIgniter->run()
10 SYSTEMPATH\Boot.php(67): CodeIgniter\Boot::runCodeIgniter(Object(CodeIgniter\CodeIgniter))
11 FCPATH\index.php(56): CodeIgniter\Boot::bootWeb(Object(Config\Paths))
CRITICAL - 2024-05-09 01:18:00 --> ErrorException: Undefined property: CodeIgniter\View\View::$load
[Method: GET, Route: /]
in APPPATH\Views\home.php on line 9.
 1 APPPATH\Views\home.php(9): CodeIgniter\Debug\Exceptions->errorHandler(2, 'Undefined property: CodeIgniter\\View\\View::$load', 'C:\\xampp\\htdocs\\PA-FHO-2024\\app\\Views\\home.php', 9)
 2 SYSTEMPATH\View\View.php(234): include('C:\\xampp\\htdocs\\PA-FHO-2024\\app\\Views\\home.php')
 3 SYSTEMPATH\View\View.php(237): CodeIgniter\View\View->CodeIgniter\View\{closure}()
 4 SYSTEMPATH\Common.php(1171): CodeIgniter\View\View->render('home', [], true)
 5 APPPATH\Controllers\Home.php(9): view('home')
 6 SYSTEMPATH\CodeIgniter.php(933): App\Controllers\Home->index()
 7 SYSTEMPATH\CodeIgniter.php(509): CodeIgniter\CodeIgniter->runController(Object(App\Controllers\Home))
 8 SYSTEMPATH\CodeIgniter.php(355): CodeIgniter\CodeIgniter->handleRequest(null, Object(Config\Cache), false)
 9 SYSTEMPATH\Boot.php(312): CodeIgniter\CodeIgniter->run()
10 SYSTEMPATH\Boot.php(67): CodeIgniter\Boot::runCodeIgniter(Object(CodeIgniter\CodeIgniter))
11 FCPATH\index.php(56): CodeIgniter\Boot::bootWeb(Object(Config\Paths))
CRITICAL - 2024-05-09 01:18:37 --> ErrorException: Undefined property: CodeIgniter\View\View::$load
[Method: GET, Route: /]
in APPPATH\Views\home.php on line 1.
 1 APPPATH\Views\home.php(1): CodeIgniter\Debug\Exceptions->errorHandler(2, 'Undefined property: CodeIgniter\\View\\View::$load', 'C:\\xampp\\htdocs\\PA-FHO-2024\\app\\Views\\home.php', 1)
 2 SYSTEMPATH\View\View.php(234): include('C:\\xampp\\htdocs\\PA-FHO-2024\\app\\Views\\home.php')
 3 SYSTEMPATH\View\View.php(237): CodeIgniter\View\View->CodeIgniter\View\{closure}()
 4 SYSTEMPATH\Common.php(1171): CodeIgniter\View\View->render('home', [], true)
 5 APPPATH\Controllers\Home.php(9): view('home')
 6 SYSTEMPATH\CodeIgniter.php(933): App\Controllers\Home->index()
 7 SYSTEMPATH\CodeIgniter.php(509): CodeIgniter\CodeIgniter->runController(Object(App\Controllers\Home))
 8 SYSTEMPATH\CodeIgniter.php(355): CodeIgniter\CodeIgniter->handleRequest(null, Object(Config\Cache), false)
 9 SYSTEMPATH\Boot.php(312): CodeIgniter\CodeIgniter->run()
10 SYSTEMPATH\Boot.php(67): CodeIgniter\Boot::runCodeIgniter(Object(CodeIgniter\CodeIgniter))
11 FCPATH\index.php(56): CodeIgniter\Boot::bootWeb(Object(Config\Paths))
CRITICAL - 2024-05-09 01:18:37 --> ErrorException: Undefined property: CodeIgniter\View\View::$load
[Method: GET, Route: /]
in APPPATH\Views\home.php on line 1.
 1 APPPATH\Views\home.php(1): CodeIgniter\Debug\Exceptions->errorHandler(2, 'Undefined property: CodeIgniter\\View\\View::$load', 'C:\\xampp\\htdocs\\PA-FHO-2024\\app\\Views\\home.php', 1)
 2 SYSTEMPATH\View\View.php(234): include('C:\\xampp\\htdocs\\PA-FHO-2024\\app\\Views\\home.php')
 3 SYSTEMPATH\View\View.php(237): CodeIgniter\View\View->CodeIgniter\View\{closure}()
 4 SYSTEMPATH\Common.php(1171): CodeIgniter\View\View->render('home', [], true)
 5 APPPATH\Controllers\Home.php(9): view('home')
 6 SYSTEMPATH\CodeIgniter.php(933): App\Controllers\Home->index()
 7 SYSTEMPATH\CodeIgniter.php(509): CodeIgniter\CodeIgniter->runController(Object(App\Controllers\Home))
 8 SYSTEMPATH\CodeIgniter.php(355): CodeIgniter\CodeIgniter->handleRequest(null, Object(Config\Cache), false)
 9 SYSTEMPATH\Boot.php(312): CodeIgniter\CodeIgniter->run()
10 SYSTEMPATH\Boot.php(67): CodeIgniter\Boot::runCodeIgniter(Object(CodeIgniter\CodeIgniter))
11 FCPATH\index.php(56): CodeIgniter\Boot::bootWeb(Object(Config\Paths))
CRITICAL - 2024-05-09 01:18:38 --> ErrorException: Undefined property: CodeIgniter\View\View::$load
[Method: GET, Route: /]
in APPPATH\Views\home.php on line 1.
 1 APPPATH\Views\home.php(1): CodeIgniter\Debug\Exceptions->errorHandler(2, 'Undefined property: CodeIgniter\\View\\View::$load', 'C:\\xampp\\htdocs\\PA-FHO-2024\\app\\Views\\home.php', 1)
 2 SYSTEMPATH\View\View.php(234): include('C:\\xampp\\htdocs\\PA-FHO-2024\\app\\Views\\home.php')
 3 SYSTEMPATH\View\View.php(237): CodeIgniter\View\View->CodeIgniter\View\{closure}()
 4 SYSTEMPATH\Common.php(1171): CodeIgniter\View\View->render('home', [], true)
 5 APPPATH\Controllers\Home.php(9): view('home')
 6 SYSTEMPATH\CodeIgniter.php(933): App\Controllers\Home->index()
 7 SYSTEMPATH\CodeIgniter.php(509): CodeIgniter\CodeIgniter->runController(Object(App\Controllers\Home))
 8 SYSTEMPATH\CodeIgniter.php(355): CodeIgniter\CodeIgniter->handleRequest(null, Object(Config\Cache), false)
 9 SYSTEMPATH\Boot.php(312): CodeIgniter\CodeIgniter->run()
10 SYSTEMPATH\Boot.php(67): CodeIgniter\Boot::runCodeIgniter(Object(CodeIgniter\CodeIgniter))
11 FCPATH\index.php(56): CodeIgniter\Boot::bootWeb(Object(Config\Paths))
CRITICAL - 2024-05-09 01:18:38 --> ErrorException: Undefined property: CodeIgniter\View\View::$load
[Method: GET, Route: /]
in APPPATH\Views\home.php on line 1.
 1 APPPATH\Views\home.php(1): CodeIgniter\Debug\Exceptions->errorHandler(2, 'Undefined property: CodeIgniter\\View\\View::$load', 'C:\\xampp\\htdocs\\PA-FHO-2024\\app\\Views\\home.php', 1)
 2 SYSTEMPATH\View\View.php(234): include('C:\\xampp\\htdocs\\PA-FHO-2024\\app\\Views\\home.php')
 3 SYSTEMPATH\View\View.php(237): CodeIgniter\View\View->CodeIgniter\View\{closure}()
 4 SYSTEMPATH\Common.php(1171): CodeIgniter\View\View->render('home', [], true)
 5 APPPATH\Controllers\Home.php(9): view('home')
 6 SYSTEMPATH\CodeIgniter.php(933): App\Controllers\Home->index()
 7 SYSTEMPATH\CodeIgniter.php(509): CodeIgniter\CodeIgniter->runController(Object(App\Controllers\Home))
 8 SYSTEMPATH\CodeIgniter.php(355): CodeIgniter\CodeIgniter->handleRequest(null, Object(Config\Cache), false)
 9 SYSTEMPATH\Boot.php(312): CodeIgniter\CodeIgniter->run()
10 SYSTEMPATH\Boot.php(67): CodeIgniter\Boot::runCodeIgniter(Object(CodeIgniter\CodeIgniter))
11 FCPATH\index.php(56): CodeIgniter\Boot::bootWeb(Object(Config\Paths))
CRITICAL - 2024-05-09 01:18:38 --> ErrorException: Undefined property: CodeIgniter\View\View::$load
[Method: GET, Route: /]
in APPPATH\Views\home.php on line 1.
 1 APPPATH\Views\home.php(1): CodeIgniter\Debug\Exceptions->errorHandler(2, 'Undefined property: CodeIgniter\\View\\View::$load', 'C:\\xampp\\htdocs\\PA-FHO-2024\\app\\Views\\home.php', 1)
 2 SYSTEMPATH\View\View.php(234): include('C:\\xampp\\htdocs\\PA-FHO-2024\\app\\Views\\home.php')
 3 SYSTEMPATH\View\View.php(237): CodeIgniter\View\View->CodeIgniter\View\{closure}()
 4 SYSTEMPATH\Common.php(1171): CodeIgniter\View\View->render('home', [], true)
 5 APPPATH\Controllers\Home.php(9): view('home')
 6 SYSTEMPATH\CodeIgniter.php(933): App\Controllers\Home->index()
 7 SYSTEMPATH\CodeIgniter.php(509): CodeIgniter\CodeIgniter->runController(Object(App\Controllers\Home))
 8 SYSTEMPATH\CodeIgniter.php(355): CodeIgniter\CodeIgniter->handleRequest(null, Object(Config\Cache), false)
 9 SYSTEMPATH\Boot.php(312): CodeIgniter\CodeIgniter->run()
10 SYSTEMPATH\Boot.php(67): CodeIgniter\Boot::runCodeIgniter(Object(CodeIgniter\CodeIgniter))
11 FCPATH\index.php(56): CodeIgniter\Boot::bootWeb(Object(Config\Paths))
CRITICAL - 2024-05-09 01:18:38 --> ErrorException: Undefined property: CodeIgniter\View\View::$load
[Method: GET, Route: /]
in APPPATH\Views\home.php on line 1.
 1 APPPATH\Views\home.php(1): CodeIgniter\Debug\Exceptions->errorHandler(2, 'Undefined property: CodeIgniter\\View\\View::$load', 'C:\\xampp\\htdocs\\PA-FHO-2024\\app\\Views\\home.php', 1)
 2 SYSTEMPATH\View\View.php(234): include('C:\\xampp\\htdocs\\PA-FHO-2024\\app\\Views\\home.php')
 3 SYSTEMPATH\View\View.php(237): CodeIgniter\View\View->CodeIgniter\View\{closure}()
 4 SYSTEMPATH\Common.php(1171): CodeIgniter\View\View->render('home', [], true)
 5 APPPATH\Controllers\Home.php(9): view('home')
 6 SYSTEMPATH\CodeIgniter.php(933): App\Controllers\Home->index()
 7 SYSTEMPATH\CodeIgniter.php(509): CodeIgniter\CodeIgniter->runController(Object(App\Controllers\Home))
 8 SYSTEMPATH\CodeIgniter.php(355): CodeIgniter\CodeIgniter->handleRequest(null, Object(Config\Cache), false)
 9 SYSTEMPATH\Boot.php(312): CodeIgniter\CodeIgniter->run()
10 SYSTEMPATH\Boot.php(67): CodeIgniter\Boot::runCodeIgniter(Object(CodeIgniter\CodeIgniter))
11 FCPATH\index.php(56): CodeIgniter\Boot::bootWeb(Object(Config\Paths))
CRITICAL - 2024-05-09 01:18:38 --> ErrorException: Undefined property: CodeIgniter\View\View::$load
[Method: GET, Route: /]
in APPPATH\Views\home.php on line 1.
 1 APPPATH\Views\home.php(1): CodeIgniter\Debug\Exceptions->errorHandler(2, 'Undefined property: CodeIgniter\\View\\View::$load', 'C:\\xampp\\htdocs\\PA-FHO-2024\\app\\Views\\home.php', 1)
 2 SYSTEMPATH\View\View.php(234): include('C:\\xampp\\htdocs\\PA-FHO-2024\\app\\Views\\home.php')
 3 SYSTEMPATH\View\View.php(237): CodeIgniter\View\View->CodeIgniter\View\{closure}()
 4 SYSTEMPATH\Common.php(1171): CodeIgniter\View\View->render('home', [], true)
 5 APPPATH\Controllers\Home.php(9): view('home')
 6 SYSTEMPATH\CodeIgniter.php(933): App\Controllers\Home->index()
 7 SYSTEMPATH\CodeIgniter.php(509): CodeIgniter\CodeIgniter->runController(Object(App\Controllers\Home))
 8 SYSTEMPATH\CodeIgniter.php(355): CodeIgniter\CodeIgniter->handleRequest(null, Object(Config\Cache), false)
 9 SYSTEMPATH\Boot.php(312): CodeIgniter\CodeIgniter->run()
10 SYSTEMPATH\Boot.php(67): CodeIgniter\Boot::runCodeIgniter(Object(CodeIgniter\CodeIgniter))
11 FCPATH\index.php(56): CodeIgniter\Boot::bootWeb(Object(Config\Paths))
CRITICAL - 2024-05-09 01:19:39 --> ErrorException: Undefined property: CodeIgniter\View\View::$load
[Method: GET, Route: /]
in APPPATH\Views\home.php on line 1.
 1 APPPATH\Views\home.php(1): CodeIgniter\Debug\Exceptions->errorHandler(2, 'Undefined property: CodeIgniter\\View\\View::$load', 'C:\\xampp\\htdocs\\PA-FHO-2024\\app\\Views\\home.php', 1)
 2 SYSTEMPATH\View\View.php(234): include('C:\\xampp\\htdocs\\PA-FHO-2024\\app\\Views\\home.php')
 3 SYSTEMPATH\View\View.php(237): CodeIgniter\View\View->CodeIgniter\View\{closure}()
 4 SYSTEMPATH\Common.php(1171): CodeIgniter\View\View->render('home', [], true)
 5 APPPATH\Controllers\Home.php(9): view('home')
 6 SYSTEMPATH\CodeIgniter.php(933): App\Controllers\Home->index()
 7 SYSTEMPATH\CodeIgniter.php(509): CodeIgniter\CodeIgniter->runController(Object(App\Controllers\Home))
 8 SYSTEMPATH\CodeIgniter.php(355): CodeIgniter\CodeIgniter->handleRequest(null, Object(Config\Cache), false)
 9 SYSTEMPATH\Boot.php(312): CodeIgniter\CodeIgniter->run()
10 SYSTEMPATH\Boot.php(67): CodeIgniter\Boot::runCodeIgniter(Object(CodeIgniter\CodeIgniter))
11 FCPATH\index.php(56): CodeIgniter\Boot::bootWeb(Object(Config\Paths))
CRITICAL - 2024-05-09 01:19:40 --> ErrorException: Undefined property: CodeIgniter\View\View::$load
[Method: GET, Route: /]
in APPPATH\Views\home.php on line 1.
 1 APPPATH\Views\home.php(1): CodeIgniter\Debug\Exceptions->errorHandler(2, 'Undefined property: CodeIgniter\\View\\View::$load', 'C:\\xampp\\htdocs\\PA-FHO-2024\\app\\Views\\home.php', 1)
 2 SYSTEMPATH\View\View.php(234): include('C:\\xampp\\htdocs\\PA-FHO-2024\\app\\Views\\home.php')
 3 SYSTEMPATH\View\View.php(237): CodeIgniter\View\View->CodeIgniter\View\{closure}()
 4 SYSTEMPATH\Common.php(1171): CodeIgniter\View\View->render('home', [], true)
 5 APPPATH\Controllers\Home.php(9): view('home')
 6 SYSTEMPATH\CodeIgniter.php(933): App\Controllers\Home->index()
 7 SYSTEMPATH\CodeIgniter.php(509): CodeIgniter\CodeIgniter->runController(Object(App\Controllers\Home))
 8 SYSTEMPATH\CodeIgniter.php(355): CodeIgniter\CodeIgniter->handleRequest(null, Object(Config\Cache), false)
 9 SYSTEMPATH\Boot.php(312): CodeIgniter\CodeIgniter->run()
10 SYSTEMPATH\Boot.php(67): CodeIgniter\Boot::runCodeIgniter(Object(CodeIgniter\CodeIgniter))
11 FCPATH\index.php(56): CodeIgniter\Boot::bootWeb(Object(Config\Paths))
CRITICAL - 2024-05-09 01:19:40 --> ErrorException: Undefined property: CodeIgniter\View\View::$load
[Method: GET, Route: /]
in APPPATH\Views\home.php on line 1.
 1 APPPATH\Views\home.php(1): CodeIgniter\Debug\Exceptions->errorHandler(2, 'Undefined property: CodeIgniter\\View\\View::$load', 'C:\\xampp\\htdocs\\PA-FHO-2024\\app\\Views\\home.php', 1)
 2 SYSTEMPATH\View\View.php(234): include('C:\\xampp\\htdocs\\PA-FHO-2024\\app\\Views\\home.php')
 3 SYSTEMPATH\View\View.php(237): CodeIgniter\View\View->CodeIgniter\View\{closure}()
 4 SYSTEMPATH\Common.php(1171): CodeIgniter\View\View->render('home', [], true)
 5 APPPATH\Controllers\Home.php(9): view('home')
 6 SYSTEMPATH\CodeIgniter.php(933): App\Controllers\Home->index()
 7 SYSTEMPATH\CodeIgniter.php(509): CodeIgniter\CodeIgniter->runController(Object(App\Controllers\Home))
 8 SYSTEMPATH\CodeIgniter.php(355): CodeIgniter\CodeIgniter->handleRequest(null, Object(Config\Cache), false)
 9 SYSTEMPATH\Boot.php(312): CodeIgniter\CodeIgniter->run()
10 SYSTEMPATH\Boot.php(67): CodeIgniter\Boot::runCodeIgniter(Object(CodeIgniter\CodeIgniter))
11 FCPATH\index.php(56): CodeIgniter\Boot::bootWeb(Object(Config\Paths))
CRITICAL - 2024-05-09 01:19:40 --> ErrorException: Undefined property: CodeIgniter\View\View::$load
[Method: GET, Route: /]
in APPPATH\Views\home.php on line 1.
 1 APPPATH\Views\home.php(1): CodeIgniter\Debug\Exceptions->errorHandler(2, 'Undefined property: CodeIgniter\\View\\View::$load', 'C:\\xampp\\htdocs\\PA-FHO-2024\\app\\Views\\home.php', 1)
 2 SYSTEMPATH\View\View.php(234): include('C:\\xampp\\htdocs\\PA-FHO-2024\\app\\Views\\home.php')
 3 SYSTEMPATH\View\View.php(237): CodeIgniter\View\View->CodeIgniter\View\{closure}()
 4 SYSTEMPATH\Common.php(1171): CodeIgniter\View\View->render('home', [], true)
 5 APPPATH\Controllers\Home.php(9): view('home')
 6 SYSTEMPATH\CodeIgniter.php(933): App\Controllers\Home->index()
 7 SYSTEMPATH\CodeIgniter.php(509): CodeIgniter\CodeIgniter->runController(Object(App\Controllers\Home))
 8 SYSTEMPATH\CodeIgniter.php(355): CodeIgniter\CodeIgniter->handleRequest(null, Object(Config\Cache), false)
 9 SYSTEMPATH\Boot.php(312): CodeIgniter\CodeIgniter->run()
10 SYSTEMPATH\Boot.php(67): CodeIgniter\Boot::runCodeIgniter(Object(CodeIgniter\CodeIgniter))
11 FCPATH\index.php(56): CodeIgniter\Boot::bootWeb(Object(Config\Paths))
CRITICAL - 2024-05-09 01:19:41 --> ErrorException: Undefined property: CodeIgniter\View\View::$load
[Method: GET, Route: /]
in APPPATH\Views\home.php on line 1.
 1 APPPATH\Views\home.php(1): CodeIgniter\Debug\Exceptions->errorHandler(2, 'Undefined property: CodeIgniter\\View\\View::$load', 'C:\\xampp\\htdocs\\PA-FHO-2024\\app\\Views\\home.php', 1)
 2 SYSTEMPATH\View\View.php(234): include('C:\\xampp\\htdocs\\PA-FHO-2024\\app\\Views\\home.php')
 3 SYSTEMPATH\View\View.php(237): CodeIgniter\View\View->CodeIgniter\View\{closure}()
 4 SYSTEMPATH\Common.php(1171): CodeIgniter\View\View->render('home', [], true)
 5 APPPATH\Controllers\Home.php(9): view('home')
 6 SYSTEMPATH\CodeIgniter.php(933): App\Controllers\Home->index()
 7 SYSTEMPATH\CodeIgniter.php(509): CodeIgniter\CodeIgniter->runController(Object(App\Controllers\Home))
 8 SYSTEMPATH\CodeIgniter.php(355): CodeIgniter\CodeIgniter->handleRequest(null, Object(Config\Cache), false)
 9 SYSTEMPATH\Boot.php(312): CodeIgniter\CodeIgniter->run()
10 SYSTEMPATH\Boot.php(67): CodeIgniter\Boot::runCodeIgniter(Object(CodeIgniter\CodeIgniter))
11 FCPATH\index.php(56): CodeIgniter\Boot::bootWeb(Object(Config\Paths))
CRITICAL - 2024-05-09 01:19:41 --> ErrorException: Undefined property: CodeIgniter\View\View::$load
[Method: GET, Route: /]
in APPPATH\Views\home.php on line 1.
 1 APPPATH\Views\home.php(1): CodeIgniter\Debug\Exceptions->errorHandler(2, 'Undefined property: CodeIgniter\\View\\View::$load', 'C:\\xampp\\htdocs\\PA-FHO-2024\\app\\Views\\home.php', 1)
 2 SYSTEMPATH\View\View.php(234): include('C:\\xampp\\htdocs\\PA-FHO-2024\\app\\Views\\home.php')
 3 SYSTEMPATH\View\View.php(237): CodeIgniter\View\View->CodeIgniter\View\{closure}()
 4 SYSTEMPATH\Common.php(1171): CodeIgniter\View\View->render('home', [], true)
 5 APPPATH\Controllers\Home.php(9): view('home')
 6 SYSTEMPATH\CodeIgniter.php(933): App\Controllers\Home->index()
 7 SYSTEMPATH\CodeIgniter.php(509): CodeIgniter\CodeIgniter->runController(Object(App\Controllers\Home))
 8 SYSTEMPATH\CodeIgniter.php(355): CodeIgniter\CodeIgniter->handleRequest(null, Object(Config\Cache), false)
 9 SYSTEMPATH\Boot.php(312): CodeIgniter\CodeIgniter->run()
10 SYSTEMPATH\Boot.php(67): CodeIgniter\Boot::runCodeIgniter(Object(CodeIgniter\CodeIgniter))
11 FCPATH\index.php(56): CodeIgniter\Boot::bootWeb(Object(Config\Paths))
CRITICAL - 2024-05-09 01:22:42 --> ErrorException: Undefined property: CodeIgniter\View\View::$load
[Method: GET, Route: /]
in APPPATH\Views\home.php on line 10.
 1 APPPATH\Views\home.php(10): CodeIgniter\Debug\Exceptions->errorHandler(2, 'Undefined property: CodeIgniter\\View\\View::$load', 'C:\\xampp\\htdocs\\PA-FHO-2024\\app\\Views\\home.php', 10)
 2 SYSTEMPATH\View\View.php(234): include('C:\\xampp\\htdocs\\PA-FHO-2024\\app\\Views\\home.php')
 3 SYSTEMPATH\View\View.php(237): CodeIgniter\View\View->CodeIgniter\View\{closure}()
 4 SYSTEMPATH\Common.php(1171): CodeIgniter\View\View->render('home', [], true)
 5 APPPATH\Controllers\Home.php(9): view('home')
 6 SYSTEMPATH\CodeIgniter.php(933): App\Controllers\Home->index()
 7 SYSTEMPATH\CodeIgniter.php(509): CodeIgniter\CodeIgniter->runController(Object(App\Controllers\Home))
 8 SYSTEMPATH\CodeIgniter.php(355): CodeIgniter\CodeIgniter->handleRequest(null, Object(Config\Cache), false)
 9 SYSTEMPATH\Boot.php(312): CodeIgniter\CodeIgniter->run()
10 SYSTEMPATH\Boot.php(67): CodeIgniter\Boot::runCodeIgniter(Object(CodeIgniter\CodeIgniter))
11 FCPATH\index.php(56): CodeIgniter\Boot::bootWeb(Object(Config\Paths))
CRITICAL - 2024-05-09 01:26:20 --> ErrorException: Undefined property: CodeIgniter\View\View::$load
[Method: GET, Route: /]
in APPPATH\Views\home.php on line 10.
 1 APPPATH\Views\home.php(10): CodeIgniter\Debug\Exceptions->errorHandler(2, 'Undefined property: CodeIgniter\\View\\View::$load', 'C:\\xampp\\htdocs\\PA-FHO-2024\\app\\Views\\home.php', 10)
 2 SYSTEMPATH\View\View.php(234): include('C:\\xampp\\htdocs\\PA-FHO-2024\\app\\Views\\home.php')
 3 SYSTEMPATH\View\View.php(237): CodeIgniter\View\View->CodeIgniter\View\{closure}()
 4 SYSTEMPATH\Common.php(1171): CodeIgniter\View\View->render('home', [], true)
 5 APPPATH\Controllers\Home.php(9): view('home')
 6 SYSTEMPATH\CodeIgniter.php(933): App\Controllers\Home->index()
 7 SYSTEMPATH\CodeIgniter.php(509): CodeIgniter\CodeIgniter->runController(Object(App\Controllers\Home))
 8 SYSTEMPATH\CodeIgniter.php(355): CodeIgniter\CodeIgniter->handleRequest(null, Object(Config\Cache), false)
 9 SYSTEMPATH\Boot.php(312): CodeIgniter\CodeIgniter->run()
10 SYSTEMPATH\Boot.php(67): CodeIgniter\Boot::runCodeIgniter(Object(CodeIgniter\CodeIgniter))
11 FCPATH\index.php(56): CodeIgniter\Boot::bootWeb(Object(Config\Paths))
CRITICAL - 2024-05-09 01:26:20 --> ErrorException: Undefined property: CodeIgniter\View\View::$load
[Method: GET, Route: /]
in APPPATH\Views\home.php on line 10.
 1 APPPATH\Views\home.php(10): CodeIgniter\Debug\Exceptions->errorHandler(2, 'Undefined property: CodeIgniter\\View\\View::$load', 'C:\\xampp\\htdocs\\PA-FHO-2024\\app\\Views\\home.php', 10)
 2 SYSTEMPATH\View\View.php(234): include('C:\\xampp\\htdocs\\PA-FHO-2024\\app\\Views\\home.php')
 3 SYSTEMPATH\View\View.php(237): CodeIgniter\View\View->CodeIgniter\View\{closure}()
 4 SYSTEMPATH\Common.php(1171): CodeIgniter\View\View->render('home', [], true)
 5 APPPATH\Controllers\Home.php(9): view('home')
 6 SYSTEMPATH\CodeIgniter.php(933): App\Controllers\Home->index()
 7 SYSTEMPATH\CodeIgniter.php(509): CodeIgniter\CodeIgniter->runController(Object(App\Controllers\Home))
 8 SYSTEMPATH\CodeIgniter.php(355): CodeIgniter\CodeIgniter->handleRequest(null, Object(Config\Cache), false)
 9 SYSTEMPATH\Boot.php(312): CodeIgniter\CodeIgniter->run()
10 SYSTEMPATH\Boot.php(67): CodeIgniter\Boot::runCodeIgniter(Object(CodeIgniter\CodeIgniter))
11 FCPATH\index.php(56): CodeIgniter\Boot::bootWeb(Object(Config\Paths))
CRITICAL - 2024-05-09 01:26:20 --> ErrorException: Undefined property: CodeIgniter\View\View::$load
[Method: GET, Route: /]
in APPPATH\Views\home.php on line 10.
 1 APPPATH\Views\home.php(10): CodeIgniter\Debug\Exceptions->errorHandler(2, 'Undefined property: CodeIgniter\\View\\View::$load', 'C:\\xampp\\htdocs\\PA-FHO-2024\\app\\Views\\home.php', 10)
 2 SYSTEMPATH\View\View.php(234): include('C:\\xampp\\htdocs\\PA-FHO-2024\\app\\Views\\home.php')
 3 SYSTEMPATH\View\View.php(237): CodeIgniter\View\View->CodeIgniter\View\{closure}()
 4 SYSTEMPATH\Common.php(1171): CodeIgniter\View\View->render('home', [], true)
 5 APPPATH\Controllers\Home.php(9): view('home')
 6 SYSTEMPATH\CodeIgniter.php(933): App\Controllers\Home->index()
 7 SYSTEMPATH\CodeIgniter.php(509): CodeIgniter\CodeIgniter->runController(Object(App\Controllers\Home))
 8 SYSTEMPATH\CodeIgniter.php(355): CodeIgniter\CodeIgniter->handleRequest(null, Object(Config\Cache), false)
 9 SYSTEMPATH\Boot.php(312): CodeIgniter\CodeIgniter->run()
10 SYSTEMPATH\Boot.php(67): CodeIgniter\Boot::runCodeIgniter(Object(CodeIgniter\CodeIgniter))
11 FCPATH\index.php(56): CodeIgniter\Boot::bootWeb(Object(Config\Paths))
CRITICAL - 2024-05-09 01:29:07 --> ErrorException: Undefined property: CodeIgniter\View\View::$load
[Method: GET, Route: /]
in APPPATH\Views\home.php on line 2.
 1 APPPATH\Views\home.php(2): CodeIgniter\Debug\Exceptions->errorHandler(2, 'Undefined property: CodeIgniter\\View\\View::$load', 'C:\\xampp\\htdocs\\PA-FHO-2024\\app\\Views\\home.php', 2)
 2 SYSTEMPATH\View\View.php(234): include('C:\\xampp\\htdocs\\PA-FHO-2024\\app\\Views\\home.php')
 3 SYSTEMPATH\View\View.php(237): CodeIgniter\View\View->CodeIgniter\View\{closure}()
 4 SYSTEMPATH\Common.php(1171): CodeIgniter\View\View->render('home', [], true)
 5 APPPATH\Controllers\Home.php(9): view('home')
 6 SYSTEMPATH\CodeIgniter.php(933): App\Controllers\Home->index()
 7 SYSTEMPATH\CodeIgniter.php(509): CodeIgniter\CodeIgniter->runController(Object(App\Controllers\Home))
 8 SYSTEMPATH\CodeIgniter.php(355): CodeIgniter\CodeIgniter->handleRequest(null, Object(Config\Cache), false)
 9 SYSTEMPATH\Boot.php(312): CodeIgniter\CodeIgniter->run()
10 SYSTEMPATH\Boot.php(67): CodeIgniter\Boot::runCodeIgniter(Object(CodeIgniter\CodeIgniter))
11 FCPATH\index.php(56): CodeIgniter\Boot::bootWeb(Object(Config\Paths))
CRITICAL - 2024-05-09 01:29:08 --> ErrorException: Undefined property: CodeIgniter\View\View::$load
[Method: GET, Route: /]
in APPPATH\Views\home.php on line 2.
 1 APPPATH\Views\home.php(2): CodeIgniter\Debug\Exceptions->errorHandler(2, 'Undefined property: CodeIgniter\\View\\View::$load', 'C:\\xampp\\htdocs\\PA-FHO-2024\\app\\Views\\home.php', 2)
 2 SYSTEMPATH\View\View.php(234): include('C:\\xampp\\htdocs\\PA-FHO-2024\\app\\Views\\home.php')
 3 SYSTEMPATH\View\View.php(237): CodeIgniter\View\View->CodeIgniter\View\{closure}()
 4 SYSTEMPATH\Common.php(1171): CodeIgniter\View\View->render('home', [], true)
 5 APPPATH\Controllers\Home.php(9): view('home')
 6 SYSTEMPATH\CodeIgniter.php(933): App\Controllers\Home->index()
 7 SYSTEMPATH\CodeIgniter.php(509): CodeIgniter\CodeIgniter->runController(Object(App\Controllers\Home))
 8 SYSTEMPATH\CodeIgniter.php(355): CodeIgniter\CodeIgniter->handleRequest(null, Object(Config\Cache), false)
 9 SYSTEMPATH\Boot.php(312): CodeIgniter\CodeIgniter->run()
10 SYSTEMPATH\Boot.php(67): CodeIgniter\Boot::runCodeIgniter(Object(CodeIgniter\CodeIgniter))
11 FCPATH\index.php(56): CodeIgniter\Boot::bootWeb(Object(Config\Paths))
CRITICAL - 2024-05-09 01:29:08 --> ErrorException: Undefined property: CodeIgniter\View\View::$load
[Method: GET, Route: /]
in APPPATH\Views\home.php on line 2.
 1 APPPATH\Views\home.php(2): CodeIgniter\Debug\Exceptions->errorHandler(2, 'Undefined property: CodeIgniter\\View\\View::$load', 'C:\\xampp\\htdocs\\PA-FHO-2024\\app\\Views\\home.php', 2)
 2 SYSTEMPATH\View\View.php(234): include('C:\\xampp\\htdocs\\PA-FHO-2024\\app\\Views\\home.php')
 3 SYSTEMPATH\View\View.php(237): CodeIgniter\View\View->CodeIgniter\View\{closure}()
 4 SYSTEMPATH\Common.php(1171): CodeIgniter\View\View->render('home', [], true)
 5 APPPATH\Controllers\Home.php(9): view('home')
 6 SYSTEMPATH\CodeIgniter.php(933): App\Controllers\Home->index()
 7 SYSTEMPATH\CodeIgniter.php(509): CodeIgniter\CodeIgniter->runController(Object(App\Controllers\Home))
 8 SYSTEMPATH\CodeIgniter.php(355): CodeIgniter\CodeIgniter->handleRequest(null, Object(Config\Cache), false)
 9 SYSTEMPATH\Boot.php(312): CodeIgniter\CodeIgniter->run()
10 SYSTEMPATH\Boot.php(67): CodeIgniter\Boot::runCodeIgniter(Object(CodeIgniter\CodeIgniter))
11 FCPATH\index.php(56): CodeIgniter\Boot::bootWeb(Object(Config\Paths))
CRITICAL - 2024-05-09 01:29:09 --> ErrorException: Undefined property: CodeIgniter\View\View::$load
[Method: GET, Route: /]
in APPPATH\Views\home.php on line 2.
 1 APPPATH\Views\home.php(2): CodeIgniter\Debug\Exceptions->errorHandler(2, 'Undefined property: CodeIgniter\\View\\View::$load', 'C:\\xampp\\htdocs\\PA-FHO-2024\\app\\Views\\home.php', 2)
 2 SYSTEMPATH\View\View.php(234): include('C:\\xampp\\htdocs\\PA-FHO-2024\\app\\Views\\home.php')
 3 SYSTEMPATH\View\View.php(237): CodeIgniter\View\View->CodeIgniter\View\{closure}()
 4 SYSTEMPATH\Common.php(1171): CodeIgniter\View\View->render('home', [], true)
 5 APPPATH\Controllers\Home.php(9): view('home')
 6 SYSTEMPATH\CodeIgniter.php(933): App\Controllers\Home->index()
 7 SYSTEMPATH\CodeIgniter.php(509): CodeIgniter\CodeIgniter->runController(Object(App\Controllers\Home))
 8 SYSTEMPATH\CodeIgniter.php(355): CodeIgniter\CodeIgniter->handleRequest(null, Object(Config\Cache), false)
 9 SYSTEMPATH\Boot.php(312): CodeIgniter\CodeIgniter->run()
10 SYSTEMPATH\Boot.php(67): CodeIgniter\Boot::runCodeIgniter(Object(CodeIgniter\CodeIgniter))
11 FCPATH\index.php(56): CodeIgniter\Boot::bootWeb(Object(Config\Paths))
CRITICAL - 2024-05-09 01:29:23 --> ErrorException: Undefined property: CodeIgniter\View\View::$load
[Method: GET, Route: /]
in APPPATH\Views\home.php on line 2.
 1 APPPATH\Views\home.php(2): CodeIgniter\Debug\Exceptions->errorHandler(2, 'Undefined property: CodeIgniter\\View\\View::$load', 'C:\\xampp\\htdocs\\PA-FHO-2024\\app\\Views\\home.php', 2)
 2 SYSTEMPATH\View\View.php(234): include('C:\\xampp\\htdocs\\PA-FHO-2024\\app\\Views\\home.php')
 3 SYSTEMPATH\View\View.php(237): CodeIgniter\View\View->CodeIgniter\View\{closure}()
 4 SYSTEMPATH\Common.php(1171): CodeIgniter\View\View->render('home', [], true)
 5 APPPATH\Controllers\Home.php(9): view('home')
 6 SYSTEMPATH\CodeIgniter.php(933): App\Controllers\Home->index()
 7 SYSTEMPATH\CodeIgniter.php(509): CodeIgniter\CodeIgniter->runController(Object(App\Controllers\Home))
 8 SYSTEMPATH\CodeIgniter.php(355): CodeIgniter\CodeIgniter->handleRequest(null, Object(Config\Cache), false)
 9 SYSTEMPATH\Boot.php(312): CodeIgniter\CodeIgniter->run()
10 SYSTEMPATH\Boot.php(67): CodeIgniter\Boot::runCodeIgniter(Object(CodeIgniter\CodeIgniter))
11 FCPATH\index.php(56): CodeIgniter\Boot::bootWeb(Object(Config\Paths))
CRITICAL - 2024-05-09 01:30:00 --> ErrorException: Undefined property: CodeIgniter\View\View::$load
[Method: GET, Route: /]
in APPPATH\Views\home.php on line 2.
 1 APPPATH\Views\home.php(2): CodeIgniter\Debug\Exceptions->errorHandler(2, 'Undefined property: CodeIgniter\\View\\View::$load', 'C:\\xampp\\htdocs\\PA-FHO-2024\\app\\Views\\home.php', 2)
 2 SYSTEMPATH\View\View.php(234): include('C:\\xampp\\htdocs\\PA-FHO-2024\\app\\Views\\home.php')
 3 SYSTEMPATH\View\View.php(237): CodeIgniter\View\View->CodeIgniter\View\{closure}()
 4 SYSTEMPATH\Common.php(1171): CodeIgniter\View\View->render('home', [], true)
 5 APPPATH\Controllers\Home.php(9): view('home')
 6 SYSTEMPATH\CodeIgniter.php(933): App\Controllers\Home->index()
 7 SYSTEMPATH\CodeIgniter.php(509): CodeIgniter\CodeIgniter->runController(Object(App\Controllers\Home))
 8 SYSTEMPATH\CodeIgniter.php(355): CodeIgniter\CodeIgniter->handleRequest(null, Object(Config\Cache), false)
 9 SYSTEMPATH\Boot.php(312): CodeIgniter\CodeIgniter->run()
10 SYSTEMPATH\Boot.php(67): CodeIgniter\Boot::runCodeIgniter(Object(CodeIgniter\CodeIgniter))
11 FCPATH\index.php(56): CodeIgniter\Boot::bootWeb(Object(Config\Paths))
CRITICAL - 2024-05-09 01:30:01 --> ErrorException: Undefined property: CodeIgniter\View\View::$load
[Method: GET, Route: /]
in APPPATH\Views\home.php on line 2.
 1 APPPATH\Views\home.php(2): CodeIgniter\Debug\Exceptions->errorHandler(2, 'Undefined property: CodeIgniter\\View\\View::$load', 'C:\\xampp\\htdocs\\PA-FHO-2024\\app\\Views\\home.php', 2)
 2 SYSTEMPATH\View\View.php(234): include('C:\\xampp\\htdocs\\PA-FHO-2024\\app\\Views\\home.php')
 3 SYSTEMPATH\View\View.php(237): CodeIgniter\View\View->CodeIgniter\View\{closure}()
 4 SYSTEMPATH\Common.php(1171): CodeIgniter\View\View->render('home', [], true)
 5 APPPATH\Controllers\Home.php(9): view('home')
 6 SYSTEMPATH\CodeIgniter.php(933): App\Controllers\Home->index()
 7 SYSTEMPATH\CodeIgniter.php(509): CodeIgniter\CodeIgniter->runController(Object(App\Controllers\Home))
 8 SYSTEMPATH\CodeIgniter.php(355): CodeIgniter\CodeIgniter->handleRequest(null, Object(Config\Cache), false)
 9 SYSTEMPATH\Boot.php(312): CodeIgniter\CodeIgniter->run()
10 SYSTEMPATH\Boot.php(67): CodeIgniter\Boot::runCodeIgniter(Object(CodeIgniter\CodeIgniter))
11 FCPATH\index.php(56): CodeIgniter\Boot::bootWeb(Object(Config\Paths))
CRITICAL - 2024-05-09 01:30:01 --> ErrorException: Undefined property: CodeIgniter\View\View::$load
[Method: GET, Route: /]
in APPPATH\Views\home.php on line 2.
 1 APPPATH\Views\home.php(2): CodeIgniter\Debug\Exceptions->errorHandler(2, 'Undefined property: CodeIgniter\\View\\View::$load', 'C:\\xampp\\htdocs\\PA-FHO-2024\\app\\Views\\home.php', 2)
 2 SYSTEMPATH\View\View.php(234): include('C:\\xampp\\htdocs\\PA-FHO-2024\\app\\Views\\home.php')
 3 SYSTEMPATH\View\View.php(237): CodeIgniter\View\View->CodeIgniter\View\{closure}()
 4 SYSTEMPATH\Common.php(1171): CodeIgniter\View\View->render('home', [], true)
 5 APPPATH\Controllers\Home.php(9): view('home')
 6 SYSTEMPATH\CodeIgniter.php(933): App\Controllers\Home->index()
 7 SYSTEMPATH\CodeIgniter.php(509): CodeIgniter\CodeIgniter->runController(Object(App\Controllers\Home))
 8 SYSTEMPATH\CodeIgniter.php(355): CodeIgniter\CodeIgniter->handleRequest(null, Object(Config\Cache), false)
 9 SYSTEMPATH\Boot.php(312): CodeIgniter\CodeIgniter->run()
10 SYSTEMPATH\Boot.php(67): CodeIgniter\Boot::runCodeIgniter(Object(CodeIgniter\CodeIgniter))
11 FCPATH\index.php(56): CodeIgniter\Boot::bootWeb(Object(Config\Paths))
CRITICAL - 2024-05-09 01:30:02 --> ErrorException: Undefined property: CodeIgniter\View\View::$load
[Method: GET, Route: /]
in APPPATH\Views\home.php on line 2.
 1 APPPATH\Views\home.php(2): CodeIgniter\Debug\Exceptions->errorHandler(2, 'Undefined property: CodeIgniter\\View\\View::$load', 'C:\\xampp\\htdocs\\PA-FHO-2024\\app\\Views\\home.php', 2)
 2 SYSTEMPATH\View\View.php(234): include('C:\\xampp\\htdocs\\PA-FHO-2024\\app\\Views\\home.php')
 3 SYSTEMPATH\View\View.php(237): CodeIgniter\View\View->CodeIgniter\View\{closure}()
 4 SYSTEMPATH\Common.php(1171): CodeIgniter\View\View->render('home', [], true)
 5 APPPATH\Controllers\Home.php(9): view('home')
 6 SYSTEMPATH\CodeIgniter.php(933): App\Controllers\Home->index()
 7 SYSTEMPATH\CodeIgniter.php(509): CodeIgniter\CodeIgniter->runController(Object(App\Controllers\Home))
 8 SYSTEMPATH\CodeIgniter.php(355): CodeIgniter\CodeIgniter->handleRequest(null, Object(Config\Cache), false)
 9 SYSTEMPATH\Boot.php(312): CodeIgniter\CodeIgniter->run()
10 SYSTEMPATH\Boot.php(67): CodeIgniter\Boot::runCodeIgniter(Object(CodeIgniter\CodeIgniter))
11 FCPATH\index.php(56): CodeIgniter\Boot::bootWeb(Object(Config\Paths))
CRITICAL - 2024-05-09 01:30:02 --> ErrorException: Undefined property: CodeIgniter\View\View::$load
[Method: GET, Route: /]
in APPPATH\Views\home.php on line 2.
 1 APPPATH\Views\home.php(2): CodeIgniter\Debug\Exceptions->errorHandler(2, 'Undefined property: CodeIgniter\\View\\View::$load', 'C:\\xampp\\htdocs\\PA-FHO-2024\\app\\Views\\home.php', 2)
 2 SYSTEMPATH\View\View.php(234): include('C:\\xampp\\htdocs\\PA-FHO-2024\\app\\Views\\home.php')
 3 SYSTEMPATH\View\View.php(237): CodeIgniter\View\View->CodeIgniter\View\{closure}()
 4 SYSTEMPATH\Common.php(1171): CodeIgniter\View\View->render('home', [], true)
 5 APPPATH\Controllers\Home.php(9): view('home')
 6 SYSTEMPATH\CodeIgniter.php(933): App\Controllers\Home->index()
 7 SYSTEMPATH\CodeIgniter.php(509): CodeIgniter\CodeIgniter->runController(Object(App\Controllers\Home))
 8 SYSTEMPATH\CodeIgniter.php(355): CodeIgniter\CodeIgniter->handleRequest(null, Object(Config\Cache), false)
 9 SYSTEMPATH\Boot.php(312): CodeIgniter\CodeIgniter->run()
10 SYSTEMPATH\Boot.php(67): CodeIgniter\Boot::runCodeIgniter(Object(CodeIgniter\CodeIgniter))
11 FCPATH\index.php(56): CodeIgniter\Boot::bootWeb(Object(Config\Paths))
CRITICAL - 2024-05-09 01:30:55 --> ErrorException: include(header): Failed to open stream: No such file or directory
[Method: GET, Route: /]
in APPPATH\Views\home.php on line 2.
 1 APPPATH\Views\home.php(2): CodeIgniter\Debug\Exceptions->errorHandler(2, 'include(header): Failed to open stream: No such file or directory', 'C:\\xampp\\htdocs\\PA-FHO-2024\\app\\Views\\home.php', 2)
 2 APPPATH\Views\home.php(2): include()
 3 SYSTEMPATH\View\View.php(234): include('C:\\xampp\\htdocs\\PA-FHO-2024\\app\\Views\\home.php')
 4 SYSTEMPATH\View\View.php(237): CodeIgniter\View\View->CodeIgniter\View\{closure}()
 5 SYSTEMPATH\Common.php(1171): CodeIgniter\View\View->render('home', [], true)
 6 APPPATH\Controllers\Home.php(9): view('home')
 7 SYSTEMPATH\CodeIgniter.php(933): App\Controllers\Home->index()
 8 SYSTEMPATH\CodeIgniter.php(509): CodeIgniter\CodeIgniter->runController(Object(App\Controllers\Home))
 9 SYSTEMPATH\CodeIgniter.php(355): CodeIgniter\CodeIgniter->handleRequest(null, Object(Config\Cache), false)
10 SYSTEMPATH\Boot.php(312): CodeIgniter\CodeIgniter->run()
11 SYSTEMPATH\Boot.php(67): CodeIgniter\Boot::runCodeIgniter(Object(CodeIgniter\CodeIgniter))
12 FCPATH\index.php(56): CodeIgniter\Boot::bootWeb(Object(Config\Paths))
CRITICAL - 2024-05-09 01:30:56 --> ErrorException: include(header): Failed to open stream: No such file or directory
[Method: GET, Route: /]
in APPPATH\Views\home.php on line 2.
 1 APPPATH\Views\home.php(2): CodeIgniter\Debug\Exceptions->errorHandler(2, 'include(header): Failed to open stream: No such file or directory', 'C:\\xampp\\htdocs\\PA-FHO-2024\\app\\Views\\home.php', 2)
 2 APPPATH\Views\home.php(2): include()
 3 SYSTEMPATH\View\View.php(234): include('C:\\xampp\\htdocs\\PA-FHO-2024\\app\\Views\\home.php')
 4 SYSTEMPATH\View\View.php(237): CodeIgniter\View\View->CodeIgniter\View\{closure}()
 5 SYSTEMPATH\Common.php(1171): CodeIgniter\View\View->render('home', [], true)
 6 APPPATH\Controllers\Home.php(9): view('home')
 7 SYSTEMPATH\CodeIgniter.php(933): App\Controllers\Home->index()
 8 SYSTEMPATH\CodeIgniter.php(509): CodeIgniter\CodeIgniter->runController(Object(App\Controllers\Home))
 9 SYSTEMPATH\CodeIgniter.php(355): CodeIgniter\CodeIgniter->handleRequest(null, Object(Config\Cache), false)
10 SYSTEMPATH\Boot.php(312): CodeIgniter\CodeIgniter->run()
11 SYSTEMPATH\Boot.php(67): CodeIgniter\Boot::runCodeIgniter(Object(CodeIgniter\CodeIgniter))
12 FCPATH\index.php(56): CodeIgniter\Boot::bootWeb(Object(Config\Paths))
