CRITICAL - 2024-05-15 03:35:12 --> ArgumentCountError: Too few arguments to function App\Libraries\GoogleMaps::__construct(), 0 passed in C:\xampp\htdocs\PA-FHO-2024\app\Controllers\MapController.php on line 12 and exactly 1 expected
[Method: GET, Route: map/directions]
in APPPATH\Libraries\GoogleMaps.php on line 11.
 1 APPPATH\Controllers\MapController.php(12): App\Libraries\GoogleMaps->__construct()
 2 SYSTEMPATH\CodeIgniter.php(933): App\Controllers\MapController->directions()
 3 SYSTEMPATH\CodeIgniter.php(509): CodeIgniter\CodeIgniter->runController(Object(App\Controllers\MapController))
 4 SYSTEMPATH\CodeIgniter.php(355): CodeIgniter\CodeIgniter->handleRequest(null, Object(Config\Cache), false)
 5 SYSTEMPATH\Boot.php(312): CodeIgniter\CodeIgniter->run()
 6 SYSTEMPATH\Boot.php(67): CodeIgniter\Boot::runCodeIgniter(Object(CodeIgniter\CodeIgniter))
 7 FCPATH\index.php(56): CodeIgniter\Boot::bootWeb(Object(Config\Paths))
CRITICAL - 2024-05-15 03:35:54 --> ArgumentCountError: Too few arguments to function App\Libraries\GoogleMaps::__construct(), 0 passed in C:\xampp\htdocs\PA-FHO-2024\app\Controllers\MapController.php on line 12 and exactly 1 expected
[Method: GET, Route: map/directions]
in APPPATH\Libraries\GoogleMaps.php on line 11.
 1 APPPATH\Controllers\MapController.php(12): App\Libraries\GoogleMaps->__construct()
 2 SYSTEMPATH\CodeIgniter.php(933): App\Controllers\MapController->directions()
 3 SYSTEMPATH\CodeIgniter.php(509): CodeIgniter\CodeIgniter->runController(Object(App\Controllers\MapController))
 4 SYSTEMPATH\CodeIgniter.php(355): CodeIgniter\CodeIgniter->handleRequest(null, Object(Config\Cache), false)
 5 SYSTEMPATH\Boot.php(312): CodeIgniter\CodeIgniter->run()
 6 SYSTEMPATH\Boot.php(67): CodeIgniter\Boot::runCodeIgniter(Object(CodeIgniter\CodeIgniter))
 7 FCPATH\index.php(56): CodeIgniter\Boot::bootWeb(Object(Config\Paths))
CRITICAL - 2024-05-15 03:36:18 --> ArgumentCountError: Too few arguments to function App\Libraries\GoogleMaps::__construct(), 0 passed in C:\xampp\htdocs\PA-FHO-2024\app\Controllers\MapController.php on line 12 and exactly 1 expected
[Method: GET, Route: map/directions]
in APPPATH\Libraries\GoogleMaps.php on line 11.
 1 APPPATH\Controllers\MapController.php(12): App\Libraries\GoogleMaps->__construct()
 2 SYSTEMPATH\CodeIgniter.php(933): App\Controllers\MapController->directions()
 3 SYSTEMPATH\CodeIgniter.php(509): CodeIgniter\CodeIgniter->runController(Object(App\Controllers\MapController))
 4 SYSTEMPATH\CodeIgniter.php(355): CodeIgniter\CodeIgniter->handleRequest(null, Object(Config\Cache), false)
 5 SYSTEMPATH\Boot.php(312): CodeIgniter\CodeIgniter->run()
 6 SYSTEMPATH\Boot.php(67): CodeIgniter\Boot::runCodeIgniter(Object(CodeIgniter\CodeIgniter))
 7 FCPATH\index.php(56): CodeIgniter\Boot::bootWeb(Object(Config\Paths))
CRITICAL - 2024-05-15 03:37:14 --> ArgumentCountError: Too few arguments to function App\Libraries\GoogleMaps::__construct(), 0 passed in C:\xampp\htdocs\PA-FHO-2024\app\Controllers\MapController.php on line 12 and exactly 1 expected
[Method: GET, Route: map/directions]
in APPPATH\Libraries\GoogleMaps.php on line 11.
 1 APPPATH\Controllers\MapController.php(12): App\Libraries\GoogleMaps->__construct()
 2 SYSTEMPATH\CodeIgniter.php(933): App\Controllers\MapController->directions()
 3 SYSTEMPATH\CodeIgniter.php(509): CodeIgniter\CodeIgniter->runController(Object(App\Controllers\MapController))
 4 SYSTEMPATH\CodeIgniter.php(355): CodeIgniter\CodeIgniter->handleRequest(null, Object(Config\Cache), false)
 5 SYSTEMPATH\Boot.php(312): CodeIgniter\CodeIgniter->run()
 6 SYSTEMPATH\Boot.php(67): CodeIgniter\Boot::runCodeIgniter(Object(CodeIgniter\CodeIgniter))
 7 FCPATH\index.php(56): CodeIgniter\Boot::bootWeb(Object(Config\Paths))
CRITICAL - 2024-05-15 03:37:15 --> ArgumentCountError: Too few arguments to function App\Libraries\GoogleMaps::__construct(), 0 passed in C:\xampp\htdocs\PA-FHO-2024\app\Controllers\MapController.php on line 12 and exactly 1 expected
[Method: GET, Route: map/directions]
in APPPATH\Libraries\GoogleMaps.php on line 11.
 1 APPPATH\Controllers\MapController.php(12): App\Libraries\GoogleMaps->__construct()
 2 SYSTEMPATH\CodeIgniter.php(933): App\Controllers\MapController->directions()
 3 SYSTEMPATH\CodeIgniter.php(509): CodeIgniter\CodeIgniter->runController(Object(App\Controllers\MapController))
 4 SYSTEMPATH\CodeIgniter.php(355): CodeIgniter\CodeIgniter->handleRequest(null, Object(Config\Cache), false)
 5 SYSTEMPATH\Boot.php(312): CodeIgniter\CodeIgniter->run()
 6 SYSTEMPATH\Boot.php(67): CodeIgniter\Boot::runCodeIgniter(Object(CodeIgniter\CodeIgniter))
 7 FCPATH\index.php(56): CodeIgniter\Boot::bootWeb(Object(Config\Paths))
CRITICAL - 2024-05-15 03:37:23 --> ArgumentCountError: Too few arguments to function App\Libraries\GoogleMaps::__construct(), 0 passed in C:\xampp\htdocs\PA-FHO-2024\app\Controllers\MapController.php on line 12 and exactly 1 expected
[Method: GET, Route: map/directions]
in APPPATH\Libraries\GoogleMaps.php on line 11.
 1 APPPATH\Controllers\MapController.php(12): App\Libraries\GoogleMaps->__construct()
 2 SYSTEMPATH\CodeIgniter.php(933): App\Controllers\MapController->directions()
 3 SYSTEMPATH\CodeIgniter.php(509): CodeIgniter\CodeIgniter->runController(Object(App\Controllers\MapController))
 4 SYSTEMPATH\CodeIgniter.php(355): CodeIgniter\CodeIgniter->handleRequest(null, Object(Config\Cache), false)
 5 SYSTEMPATH\Boot.php(312): CodeIgniter\CodeIgniter->run()
 6 SYSTEMPATH\Boot.php(67): CodeIgniter\Boot::runCodeIgniter(Object(CodeIgniter\CodeIgniter))
 7 FCPATH\index.php(56): CodeIgniter\Boot::bootWeb(Object(Config\Paths))
CRITICAL - 2024-05-15 03:37:24 --> ArgumentCountError: Too few arguments to function App\Libraries\GoogleMaps::__construct(), 0 passed in C:\xampp\htdocs\PA-FHO-2024\app\Controllers\MapController.php on line 12 and exactly 1 expected
[Method: GET, Route: map/directions]
in APPPATH\Libraries\GoogleMaps.php on line 11.
 1 APPPATH\Controllers\MapController.php(12): App\Libraries\GoogleMaps->__construct()
 2 SYSTEMPATH\CodeIgniter.php(933): App\Controllers\MapController->directions()
 3 SYSTEMPATH\CodeIgniter.php(509): CodeIgniter\CodeIgniter->runController(Object(App\Controllers\MapController))
 4 SYSTEMPATH\CodeIgniter.php(355): CodeIgniter\CodeIgniter->handleRequest(null, Object(Config\Cache), false)
 5 SYSTEMPATH\Boot.php(312): CodeIgniter\CodeIgniter->run()
 6 SYSTEMPATH\Boot.php(67): CodeIgniter\Boot::runCodeIgniter(Object(CodeIgniter\CodeIgniter))
 7 FCPATH\index.php(56): CodeIgniter\Boot::bootWeb(Object(Config\Paths))
CRITICAL - 2024-05-15 03:37:24 --> ArgumentCountError: Too few arguments to function App\Libraries\GoogleMaps::__construct(), 0 passed in C:\xampp\htdocs\PA-FHO-2024\app\Controllers\MapController.php on line 12 and exactly 1 expected
[Method: GET, Route: map/directions]
in APPPATH\Libraries\GoogleMaps.php on line 11.
 1 APPPATH\Controllers\MapController.php(12): App\Libraries\GoogleMaps->__construct()
 2 SYSTEMPATH\CodeIgniter.php(933): App\Controllers\MapController->directions()
 3 SYSTEMPATH\CodeIgniter.php(509): CodeIgniter\CodeIgniter->runController(Object(App\Controllers\MapController))
 4 SYSTEMPATH\CodeIgniter.php(355): CodeIgniter\CodeIgniter->handleRequest(null, Object(Config\Cache), false)
 5 SYSTEMPATH\Boot.php(312): CodeIgniter\CodeIgniter->run()
 6 SYSTEMPATH\Boot.php(67): CodeIgniter\Boot::runCodeIgniter(Object(CodeIgniter\CodeIgniter))
 7 FCPATH\index.php(56): CodeIgniter\Boot::bootWeb(Object(Config\Paths))
CRITICAL - 2024-05-15 03:37:25 --> ArgumentCountError: Too few arguments to function App\Libraries\GoogleMaps::__construct(), 0 passed in C:\xampp\htdocs\PA-FHO-2024\app\Controllers\MapController.php on line 12 and exactly 1 expected
[Method: GET, Route: map/directions]
in APPPATH\Libraries\GoogleMaps.php on line 11.
 1 APPPATH\Controllers\MapController.php(12): App\Libraries\GoogleMaps->__construct()
 2 SYSTEMPATH\CodeIgniter.php(933): App\Controllers\MapController->directions()
 3 SYSTEMPATH\CodeIgniter.php(509): CodeIgniter\CodeIgniter->runController(Object(App\Controllers\MapController))
 4 SYSTEMPATH\CodeIgniter.php(355): CodeIgniter\CodeIgniter->handleRequest(null, Object(Config\Cache), false)
 5 SYSTEMPATH\Boot.php(312): CodeIgniter\CodeIgniter->run()
 6 SYSTEMPATH\Boot.php(67): CodeIgniter\Boot::runCodeIgniter(Object(CodeIgniter\CodeIgniter))
 7 FCPATH\index.php(56): CodeIgniter\Boot::bootWeb(Object(Config\Paths))
CRITICAL - 2024-05-15 03:37:25 --> ArgumentCountError: Too few arguments to function App\Libraries\GoogleMaps::__construct(), 0 passed in C:\xampp\htdocs\PA-FHO-2024\app\Controllers\MapController.php on line 12 and exactly 1 expected
[Method: GET, Route: map/directions]
in APPPATH\Libraries\GoogleMaps.php on line 11.
 1 APPPATH\Controllers\MapController.php(12): App\Libraries\GoogleMaps->__construct()
 2 SYSTEMPATH\CodeIgniter.php(933): App\Controllers\MapController->directions()
 3 SYSTEMPATH\CodeIgniter.php(509): CodeIgniter\CodeIgniter->runController(Object(App\Controllers\MapController))
 4 SYSTEMPATH\CodeIgniter.php(355): CodeIgniter\CodeIgniter->handleRequest(null, Object(Config\Cache), false)
 5 SYSTEMPATH\Boot.php(312): CodeIgniter\CodeIgniter->run()
 6 SYSTEMPATH\Boot.php(67): CodeIgniter\Boot::runCodeIgniter(Object(CodeIgniter\CodeIgniter))
 7 FCPATH\index.php(56): CodeIgniter\Boot::bootWeb(Object(Config\Paths))
CRITICAL - 2024-05-15 03:37:26 --> ArgumentCountError: Too few arguments to function App\Libraries\GoogleMaps::__construct(), 0 passed in C:\xampp\htdocs\PA-FHO-2024\app\Controllers\MapController.php on line 12 and exactly 1 expected
[Method: GET, Route: map/directions]
in APPPATH\Libraries\GoogleMaps.php on line 11.
 1 APPPATH\Controllers\MapController.php(12): App\Libraries\GoogleMaps->__construct()
 2 SYSTEMPATH\CodeIgniter.php(933): App\Controllers\MapController->directions()
 3 SYSTEMPATH\CodeIgniter.php(509): CodeIgniter\CodeIgniter->runController(Object(App\Controllers\MapController))
 4 SYSTEMPATH\CodeIgniter.php(355): CodeIgniter\CodeIgniter->handleRequest(null, Object(Config\Cache), false)
 5 SYSTEMPATH\Boot.php(312): CodeIgniter\CodeIgniter->run()
 6 SYSTEMPATH\Boot.php(67): CodeIgniter\Boot::runCodeIgniter(Object(CodeIgniter\CodeIgniter))
 7 FCPATH\index.php(56): CodeIgniter\Boot::bootWeb(Object(Config\Paths))
CRITICAL - 2024-05-15 03:37:27 --> ArgumentCountError: Too few arguments to function App\Libraries\GoogleMaps::__construct(), 0 passed in C:\xampp\htdocs\PA-FHO-2024\app\Controllers\MapController.php on line 12 and exactly 1 expected
[Method: GET, Route: map/directions]
in APPPATH\Libraries\GoogleMaps.php on line 11.
 1 APPPATH\Controllers\MapController.php(12): App\Libraries\GoogleMaps->__construct()
 2 SYSTEMPATH\CodeIgniter.php(933): App\Controllers\MapController->directions()
 3 SYSTEMPATH\CodeIgniter.php(509): CodeIgniter\CodeIgniter->runController(Object(App\Controllers\MapController))
 4 SYSTEMPATH\CodeIgniter.php(355): CodeIgniter\CodeIgniter->handleRequest(null, Object(Config\Cache), false)
 5 SYSTEMPATH\Boot.php(312): CodeIgniter\CodeIgniter->run()
 6 SYSTEMPATH\Boot.php(67): CodeIgniter\Boot::runCodeIgniter(Object(CodeIgniter\CodeIgniter))
 7 FCPATH\index.php(56): CodeIgniter\Boot::bootWeb(Object(Config\Paths))
CRITICAL - 2024-05-15 03:37:37 --> ArgumentCountError: Too few arguments to function App\Libraries\GoogleMaps::__construct(), 0 passed in C:\xampp\htdocs\PA-FHO-2024\app\Controllers\MapController.php on line 12 and exactly 1 expected
[Method: GET, Route: map/directions]
in APPPATH\Libraries\GoogleMaps.php on line 11.
 1 APPPATH\Controllers\MapController.php(12): App\Libraries\GoogleMaps->__construct()
 2 SYSTEMPATH\CodeIgniter.php(933): App\Controllers\MapController->directions()
 3 SYSTEMPATH\CodeIgniter.php(509): CodeIgniter\CodeIgniter->runController(Object(App\Controllers\MapController))
 4 SYSTEMPATH\CodeIgniter.php(355): CodeIgniter\CodeIgniter->handleRequest(null, Object(Config\Cache), false)
 5 SYSTEMPATH\Boot.php(312): CodeIgniter\CodeIgniter->run()
 6 SYSTEMPATH\Boot.php(67): CodeIgniter\Boot::runCodeIgniter(Object(CodeIgniter\CodeIgniter))
 7 FCPATH\index.php(56): CodeIgniter\Boot::bootWeb(Object(Config\Paths))
CRITICAL - 2024-05-15 03:40:53 --> ArgumentCountError: Too few arguments to function App\Libraries\GoogleMaps::__construct(), 0 passed in C:\xampp\htdocs\PA-FHO-2024\app\Controllers\MapController.php on line 12 and exactly 1 expected
[Method: GET, Route: map/directions]
in APPPATH\Libraries\GoogleMaps.php on line 11.
 1 APPPATH\Controllers\MapController.php(12): App\Libraries\GoogleMaps->__construct()
 2 SYSTEMPATH\CodeIgniter.php(933): App\Controllers\MapController->directions()
 3 SYSTEMPATH\CodeIgniter.php(509): CodeIgniter\CodeIgniter->runController(Object(App\Controllers\MapController))
 4 SYSTEMPATH\CodeIgniter.php(355): CodeIgniter\CodeIgniter->handleRequest(null, Object(Config\Cache), false)
 5 SYSTEMPATH\Boot.php(312): CodeIgniter\CodeIgniter->run()
 6 SYSTEMPATH\Boot.php(67): CodeIgniter\Boot::runCodeIgniter(Object(CodeIgniter\CodeIgniter))
 7 FCPATH\index.php(56): CodeIgniter\Boot::bootWeb(Object(Config\Paths))
CRITICAL - 2024-05-15 03:43:32 --> ArgumentCountError: Too few arguments to function App\Libraries\GoogleMaps::__construct(), 0 passed in C:\xampp\htdocs\PA-FHO-2024\app\Controllers\MapController.php on line 12 and exactly 1 expected
[Method: GET, Route: map/directions]
in APPPATH\Libraries\GoogleMaps.php on line 11.
 1 APPPATH\Controllers\MapController.php(12): App\Libraries\GoogleMaps->__construct()
 2 SYSTEMPATH\CodeIgniter.php(933): App\Controllers\MapController->directions()
 3 SYSTEMPATH\CodeIgniter.php(509): CodeIgniter\CodeIgniter->runController(Object(App\Controllers\MapController))
 4 SYSTEMPATH\CodeIgniter.php(355): CodeIgniter\CodeIgniter->handleRequest(null, Object(Config\Cache), false)
 5 SYSTEMPATH\Boot.php(312): CodeIgniter\CodeIgniter->run()
 6 SYSTEMPATH\Boot.php(67): CodeIgniter\Boot::runCodeIgniter(Object(CodeIgniter\CodeIgniter))
 7 FCPATH\index.php(56): CodeIgniter\Boot::bootWeb(Object(Config\Paths))
CRITICAL - 2024-05-15 03:43:46 --> ErrorException: Undefined variable $directions
[Method: GET, Route: map/directions]
in APPPATH\Controllers\MapController.php on line 19.
 1 APPPATH\Controllers\MapController.php(19): CodeIgniter\Debug\Exceptions->errorHandler(2, 'Undefined variable $directions', 'C:\\xampp\\htdocs\\PA-FHO-2024\\app\\Controllers\\MapController.php', 19)
 2 SYSTEMPATH\CodeIgniter.php(933): App\Controllers\MapController->directions()
 3 SYSTEMPATH\CodeIgniter.php(509): CodeIgniter\CodeIgniter->runController(Object(App\Controllers\MapController))
 4 SYSTEMPATH\CodeIgniter.php(355): CodeIgniter\CodeIgniter->handleRequest(null, Object(Config\Cache), false)
 5 SYSTEMPATH\Boot.php(312): CodeIgniter\CodeIgniter->run()
 6 SYSTEMPATH\Boot.php(67): CodeIgniter\Boot::runCodeIgniter(Object(CodeIgniter\CodeIgniter))
 7 FCPATH\index.php(56): CodeIgniter\Boot::bootWeb(Object(Config\Paths))
CRITICAL - 2024-05-15 03:43:46 --> ErrorException: Undefined variable $directions
[Method: GET, Route: map/directions]
in APPPATH\Controllers\MapController.php on line 19.
 1 APPPATH\Controllers\MapController.php(19): CodeIgniter\Debug\Exceptions->errorHandler(2, 'Undefined variable $directions', 'C:\\xampp\\htdocs\\PA-FHO-2024\\app\\Controllers\\MapController.php', 19)
 2 SYSTEMPATH\CodeIgniter.php(933): App\Controllers\MapController->directions()
 3 SYSTEMPATH\CodeIgniter.php(509): CodeIgniter\CodeIgniter->runController(Object(App\Controllers\MapController))
 4 SYSTEMPATH\CodeIgniter.php(355): CodeIgniter\CodeIgniter->handleRequest(null, Object(Config\Cache), false)
 5 SYSTEMPATH\Boot.php(312): CodeIgniter\CodeIgniter->run()
 6 SYSTEMPATH\Boot.php(67): CodeIgniter\Boot::runCodeIgniter(Object(CodeIgniter\CodeIgniter))
 7 FCPATH\index.php(56): CodeIgniter\Boot::bootWeb(Object(Config\Paths))
CRITICAL - 2024-05-15 03:44:55 --> ErrorException: Undefined variable $directions
[Method: GET, Route: map/directions]
in APPPATH\Controllers\MapController.php on line 19.
 1 APPPATH\Controllers\MapController.php(19): CodeIgniter\Debug\Exceptions->errorHandler(2, 'Undefined variable $directions', 'C:\\xampp\\htdocs\\PA-FHO-2024\\app\\Controllers\\MapController.php', 19)
 2 SYSTEMPATH\CodeIgniter.php(933): App\Controllers\MapController->directions()
 3 SYSTEMPATH\CodeIgniter.php(509): CodeIgniter\CodeIgniter->runController(Object(App\Controllers\MapController))
 4 SYSTEMPATH\CodeIgniter.php(355): CodeIgniter\CodeIgniter->handleRequest(null, Object(Config\Cache), false)
 5 SYSTEMPATH\Boot.php(312): CodeIgniter\CodeIgniter->run()
 6 SYSTEMPATH\Boot.php(67): CodeIgniter\Boot::runCodeIgniter(Object(CodeIgniter\CodeIgniter))
 7 FCPATH\index.php(56): CodeIgniter\Boot::bootWeb(Object(Config\Paths))
CRITICAL - 2024-05-15 03:44:56 --> ErrorException: Undefined variable $directions
[Method: GET, Route: map/directions]
in APPPATH\Controllers\MapController.php on line 19.
 1 APPPATH\Controllers\MapController.php(19): CodeIgniter\Debug\Exceptions->errorHandler(2, 'Undefined variable $directions', 'C:\\xampp\\htdocs\\PA-FHO-2024\\app\\Controllers\\MapController.php', 19)
 2 SYSTEMPATH\CodeIgniter.php(933): App\Controllers\MapController->directions()
 3 SYSTEMPATH\CodeIgniter.php(509): CodeIgniter\CodeIgniter->runController(Object(App\Controllers\MapController))
 4 SYSTEMPATH\CodeIgniter.php(355): CodeIgniter\CodeIgniter->handleRequest(null, Object(Config\Cache), false)
 5 SYSTEMPATH\Boot.php(312): CodeIgniter\CodeIgniter->run()
 6 SYSTEMPATH\Boot.php(67): CodeIgniter\Boot::runCodeIgniter(Object(CodeIgniter\CodeIgniter))
 7 FCPATH\index.php(56): CodeIgniter\Boot::bootWeb(Object(Config\Paths))
CRITICAL - 2024-05-15 03:44:58 --> ErrorException: Undefined variable $directions
[Method: GET, Route: map/directions]
in APPPATH\Controllers\MapController.php on line 19.
 1 APPPATH\Controllers\MapController.php(19): CodeIgniter\Debug\Exceptions->errorHandler(2, 'Undefined variable $directions', 'C:\\xampp\\htdocs\\PA-FHO-2024\\app\\Controllers\\MapController.php', 19)
 2 SYSTEMPATH\CodeIgniter.php(933): App\Controllers\MapController->directions()
 3 SYSTEMPATH\CodeIgniter.php(509): CodeIgniter\CodeIgniter->runController(Object(App\Controllers\MapController))
 4 SYSTEMPATH\CodeIgniter.php(355): CodeIgniter\CodeIgniter->handleRequest(null, Object(Config\Cache), false)
 5 SYSTEMPATH\Boot.php(312): CodeIgniter\CodeIgniter->run()
 6 SYSTEMPATH\Boot.php(67): CodeIgniter\Boot::runCodeIgniter(Object(CodeIgniter\CodeIgniter))
 7 FCPATH\index.php(56): CodeIgniter\Boot::bootWeb(Object(Config\Paths))
CRITICAL - 2024-05-15 03:44:59 --> ErrorException: Undefined variable $directions
[Method: GET, Route: map/directions]
in APPPATH\Controllers\MapController.php on line 19.
 1 APPPATH\Controllers\MapController.php(19): CodeIgniter\Debug\Exceptions->errorHandler(2, 'Undefined variable $directions', 'C:\\xampp\\htdocs\\PA-FHO-2024\\app\\Controllers\\MapController.php', 19)
 2 SYSTEMPATH\CodeIgniter.php(933): App\Controllers\MapController->directions()
 3 SYSTEMPATH\CodeIgniter.php(509): CodeIgniter\CodeIgniter->runController(Object(App\Controllers\MapController))
 4 SYSTEMPATH\CodeIgniter.php(355): CodeIgniter\CodeIgniter->handleRequest(null, Object(Config\Cache), false)
 5 SYSTEMPATH\Boot.php(312): CodeIgniter\CodeIgniter->run()
 6 SYSTEMPATH\Boot.php(67): CodeIgniter\Boot::runCodeIgniter(Object(CodeIgniter\CodeIgniter))
 7 FCPATH\index.php(56): CodeIgniter\Boot::bootWeb(Object(Config\Paths))
CRITICAL - 2024-05-15 03:54:42 --> ArgumentCountError: Too few arguments to function App\Libraries\GoogleMaps::__construct(), 0 passed in C:\xampp\htdocs\PA-FHO-2024\app\Controllers\MapController.php on line 12 and exactly 1 expected
[Method: GET, Route: map/directions]
in APPPATH\Libraries\GoogleMaps.php on line 11.
 1 APPPATH\Controllers\MapController.php(12): App\Libraries\GoogleMaps->__construct()
 2 SYSTEMPATH\CodeIgniter.php(933): App\Controllers\MapController->directions()
 3 SYSTEMPATH\CodeIgniter.php(509): CodeIgniter\CodeIgniter->runController(Object(App\Controllers\MapController))
 4 SYSTEMPATH\CodeIgniter.php(355): CodeIgniter\CodeIgniter->handleRequest(null, Object(Config\Cache), false)
 5 SYSTEMPATH\Boot.php(312): CodeIgniter\CodeIgniter->run()
 6 SYSTEMPATH\Boot.php(67): CodeIgniter\Boot::runCodeIgniter(Object(CodeIgniter\CodeIgniter))
 7 FCPATH\index.php(56): CodeIgniter\Boot::bootWeb(Object(Config\Paths))
CRITICAL - 2024-05-15 03:56:20 --> ArgumentCountError: Too few arguments to function App\Libraries\GoogleMaps::__construct(), 0 passed in C:\xampp\htdocs\PA-FHO-2024\app\Controllers\MapController.php on line 12 and exactly 1 expected
[Method: GET, Route: map/directions]
in APPPATH\Libraries\GoogleMaps.php on line 11.
 1 APPPATH\Controllers\MapController.php(12): App\Libraries\GoogleMaps->__construct()
 2 SYSTEMPATH\CodeIgniter.php(933): App\Controllers\MapController->directions()
 3 SYSTEMPATH\CodeIgniter.php(509): CodeIgniter\CodeIgniter->runController(Object(App\Controllers\MapController))
 4 SYSTEMPATH\CodeIgniter.php(355): CodeIgniter\CodeIgniter->handleRequest(null, Object(Config\Cache), false)
 5 SYSTEMPATH\Boot.php(312): CodeIgniter\CodeIgniter->run()
 6 SYSTEMPATH\Boot.php(67): CodeIgniter\Boot::runCodeIgniter(Object(CodeIgniter\CodeIgniter))
 7 FCPATH\index.php(56): CodeIgniter\Boot::bootWeb(Object(Config\Paths))
CRITICAL - 2024-05-15 04:01:38 --> ArgumentCountError: Too few arguments to function App\Libraries\GoogleMaps::__construct(), 0 passed in C:\xampp\htdocs\PA-FHO-2024\app\Controllers\MapController.php on line 12 and exactly 1 expected
[Method: GET, Route: map/directions]
in APPPATH\Libraries\GoogleMaps.php on line 11.
 1 APPPATH\Controllers\MapController.php(12): App\Libraries\GoogleMaps->__construct()
 2 SYSTEMPATH\CodeIgniter.php(933): App\Controllers\MapController->directions()
 3 SYSTEMPATH\CodeIgniter.php(509): CodeIgniter\CodeIgniter->runController(Object(App\Controllers\MapController))
 4 SYSTEMPATH\CodeIgniter.php(355): CodeIgniter\CodeIgniter->handleRequest(null, Object(Config\Cache), false)
 5 SYSTEMPATH\Boot.php(312): CodeIgniter\CodeIgniter->run()
 6 SYSTEMPATH\Boot.php(67): CodeIgniter\Boot::runCodeIgniter(Object(CodeIgniter\CodeIgniter))
 7 FCPATH\index.php(56): CodeIgniter\Boot::bootWeb(Object(Config\Paths))
